#
# There is insufficient memory for the Java Runtime Environment to continue.
# Native memory allocation (mmap) failed to map 715128832 bytes for Failed to commit area from 0x0000000095500000 to 0x00000000bff00000 of length 715128832.
# Possible reasons:
#   The system is out of physical RAM or swap space
#   The process is running with CompressedOops enabled, and the Java Heap may be blocking the growth of the native heap
# Possible solutions:
#   Reduce memory load on the system
#   Increase physical memory or swap space
#   Check if swap backing store is full
#   Decrease Java heap size (-Xmx/-Xms)
#   Decrease number of Java threads
#   Decrease Java thread stack sizes (-Xss)
#   Set larger code cache with -XX:ReservedCodeCacheSize=
#   JVM is running with Unscaled Compressed Oops mode in which the Java heap is
#     placed in the first 4GB address space. The Java Heap base address is the
#     maximum limit for the native heap growth. Please use -XX:HeapBaseMinAddress
#     to set the Java Heap base and to place the Java Heap above 4GB virtual address.
# This output file may be truncated or incomplete.
#
#  Out of Memory Error (./src/hotspot/os/windows/os_windows.cpp:3301), pid=10160, tid=10364
#
# JRE version: OpenJDK Runtime Environment (11.0.10) (build 11.0.10+0-b96-7249189)
# Java VM: OpenJDK 64-Bit Server VM (11.0.10+0-b96-7249189, mixed mode, tiered, compressed oops, g1 gc, windows-amd64)
# No core dump will be written. Minidumps are not enabled by default on client versions of Windows
#

---------------  S U M M A R Y ------------

Command Line: --add-opens=java.base/java.util=ALL-UNNAMED --add-opens=java.base/java.lang=ALL-UNNAMED --add-opens=java.base/java.lang.invoke=ALL-UNNAMED --add-opens=java.base/java.util=ALL-UNNAMED --add-opens=java.prefs/java.util.prefs=ALL-UNNAMED --add-opens=java.prefs/java.util.prefs=ALL-UNNAMED --add-opens=java.base/java.nio.charset=ALL-UNNAMED --add-opens=java.base/java.net=ALL-UNNAMED --add-opens=java.base/java.util.concurrent.atomic=ALL-UNNAMED -Xmx2048m -Dfile.encoding=UTF-8 -Duser.country=BR -Duser.language=pt -Duser.variant org.gradle.launcher.daemon.bootstrap.GradleDaemon 7.0.2

Host: Intel(R) Core(TM) i5-6200U CPU @ 2.30GHz, 4 cores, 7G,  Windows 10 , 64 bit Build 19041 (10.0.19041.1202)
Time: Sun Oct 10 22:43:54 2021 Hora oficial do Brasil elapsed time: 649.394903 seconds (0d 0h 10m 49s)

---------------  T H R E A D  ---------------

Current thread (0x000001b6ff396000):  VMThread "VM Thread" [stack: 0x0000007c4eb00000,0x0000007c4ec00000] [id=10364]

Stack: [0x0000007c4eb00000,0x0000007c4ec00000]
[error occurred during error reporting (printing stack bounds), id 0xc0000005, EXCEPTION_ACCESS_VIOLATION (0xc0000005) at pc=0x000001b680000f2d]

Native frames: (J=compiled Java code, j=interpreted, Vv=VM code, C=native code)
V  [jvm.dll+0x5ecfaa]
V  [jvm.dll+0x722bd5]
V  [jvm.dll+0x72412d]
V  [jvm.dll+0x724745]
V  [jvm.dll+0x7246fb]
V  [jvm.dll+0x5ec348]
V  [jvm.dll+0x5ecad8]
C  [ntdll.dll+0xa20cf]
C  [ntdll.dll+0x51454]
C  [ntdll.dll+0xa0bfe]
C  0x000001b680000f2d

VM_Operation (0x0000007c52bfe080): G1CollectForAllocation, mode: safepoint, requested by thread 0x000001b697174000


---------------  P R O C E S S  ---------------

Threads class SMR info:
_java_thread_list=0x000001b6994883b0, length=63, elements={
0x000001b6f882b000, 0x000001b6ff39d000, 0x000001b6ff39e800, 0x000001b6ff3b9000,
0x000001b6ff3bb000, 0x000001b6ff3bc000, 0x000001b6ff3bf000, 0x000001b6ff3c0800,
0x000001b695087000, 0x000001b69517e800, 0x000001b696aee800, 0x000001b696b00800,
0x000001b69756b800, 0x000001b6953e0800, 0x000001b6953e1000, 0x000001b6953df800,
0x000001b6953de800, 0x000001b6953e3000, 0x000001b6953e5000, 0x000001b699a9a800,
0x000001b699a9f000, 0x000001b699a9c800, 0x000001b699a9a000, 0x000001b699aa1000,
0x000001b699aa2000, 0x000001b699a9d000, 0x000001b699a9f800, 0x000001b699aa3800,
0x000001b699a9e000, 0x000001b699aa6000, 0x000001b699aa4800, 0x000001b699aa7000,
0x000001b699aa8000, 0x000001b699aa5800, 0x000001b69eeaf000, 0x000001b69eeae000,
0x000001b69eeb0800, 0x000001b69eeb1800, 0x000001b69eead800, 0x000001b69eeac800,
0x000001b69eeac000, 0x000001b69eeb4000, 0x000001b69eeb3000, 0x000001b69eeb5000,
0x000001b69eeb8000, 0x000001b69eeb2800, 0x000001b69eeb5800, 0x000001b69eeb6800,
0x000001b69eeba800, 0x000001b69eeb9000, 0x000001b69eeb9800, 0x000001b6953e2000,
0x000001b6953e3800, 0x000001b6953e4800, 0x000001b697122800, 0x000001b697176800,
0x000001b697175800, 0x000001b697173000, 0x000001b697179000, 0x000001b697178000,
0x000001b697179800, 0x000001b697174000, 0x000001b69717f800
}

Java Threads: ( => current thread )
  0x000001b6f882b000 JavaThread "main" [_thread_blocked, id=5992, stack(0x0000007c4e400000,0x0000007c4e500000)]
  0x000001b6ff39d000 JavaThread "Reference Handler" daemon [_thread_blocked, id=10012, stack(0x0000007c4ec00000,0x0000007c4ed00000)]
  0x000001b6ff39e800 JavaThread "Finalizer" daemon [_thread_blocked, id=10924, stack(0x0000007c4ed00000,0x0000007c4ee00000)]
  0x000001b6ff3b9000 JavaThread "Signal Dispatcher" daemon [_thread_blocked, id=10532, stack(0x0000007c4ee00000,0x0000007c4ef00000)]
  0x000001b6ff3bb000 JavaThread "Attach Listener" daemon [_thread_blocked, id=3692, stack(0x0000007c4ef00000,0x0000007c4f000000)]
  0x000001b6ff3bc000 JavaThread "Service Thread" daemon [_thread_blocked, id=10608, stack(0x0000007c4f000000,0x0000007c4f100000)]
  0x000001b6ff3bf000 JavaThread "C2 CompilerThread0" daemon [_thread_blocked, id=4724, stack(0x0000007c4f100000,0x0000007c4f200000)]
  0x000001b6ff3c0800 JavaThread "C1 CompilerThread0" daemon [_thread_blocked, id=8252, stack(0x0000007c4f200000,0x0000007c4f300000)]
  0x000001b695087000 JavaThread "Sweeper thread" daemon [_thread_blocked, id=1756, stack(0x0000007c4f300000,0x0000007c4f400000)]
  0x000001b69517e800 JavaThread "Common-Cleaner" daemon [_thread_blocked, id=12068, stack(0x0000007c4f400000,0x0000007c4f500000)]
  0x000001b696aee800 JavaThread "Daemon health stats" [_thread_blocked, id=6032, stack(0x0000007c4f900000,0x0000007c4fa00000)]
  0x000001b696b00800 JavaThread "Incoming local TCP Connector on port 58140" [_thread_in_native, id=1076, stack(0x0000007c4f600000,0x0000007c4f700000)]
  0x000001b69756b800 JavaThread "Daemon periodic checks" [_thread_blocked, id=12032, stack(0x0000007c4fa00000,0x0000007c4fb00000)]
  0x000001b6953e0800 JavaThread "Cache worker for file hash cache (C:\Users\usuario\.gradle\caches\7.0.2\fileHashes)" [_thread_blocked, id=7028, stack(0x0000007c50300000,0x0000007c50400000)]
  0x000001b6953e1000 JavaThread "File lock request listener" [_thread_in_native, id=8108, stack(0x0000007c50400000,0x0000007c50500000)]
  0x000001b6953df800 JavaThread "Cache worker for journal cache (C:\Users\usuario\.gradle\caches\journal-1)" [_thread_blocked, id=8300, stack(0x0000007c50500000,0x0000007c50600000)]
  0x000001b6953de800 JavaThread "File watcher server" daemon [_thread_blocked, id=6136, stack(0x0000007c50900000,0x0000007c50a00000)]
  0x000001b6953e3000 JavaThread "File watcher consumer" daemon [_thread_blocked, id=3860, stack(0x0000007c50a00000,0x0000007c50b00000)]
  0x000001b6953e5000 JavaThread "jar transforms" [_thread_blocked, id=3880, stack(0x0000007c50b00000,0x0000007c50c00000)]
  0x000001b699a9a800 JavaThread "jar transforms Thread 2" [_thread_blocked, id=1884, stack(0x0000007c50c00000,0x0000007c50d00000)]
  0x000001b699a9f000 JavaThread "jar transforms Thread 3" [_thread_blocked, id=10652, stack(0x0000007c50d00000,0x0000007c50e00000)]
  0x000001b699a9c800 JavaThread "jar transforms Thread 4" [_thread_blocked, id=9352, stack(0x0000007c50e00000,0x0000007c50f00000)]
  0x000001b699a9a000 JavaThread "Cache worker for execution history cache (C:\Users\usuario\.gradle\caches\7.0.2\executionHistory)" [_thread_blocked, id=11116, stack(0x0000007c51100000,0x0000007c51200000)]
  0x000001b699aa1000 JavaThread "Cache worker for file content cache (C:\Users\usuario\.gradle\caches\7.0.2\fileContent)" [_thread_blocked, id=10948, stack(0x0000007c51300000,0x0000007c51400000)]
  0x000001b699aa2000 JavaThread "Memory manager" [_thread_blocked, id=4192, stack(0x0000007c51a00000,0x0000007c51b00000)]
  0x000001b699a9d000 JavaThread "Daemon Thread 3" [_thread_blocked, id=5668, stack(0x0000007c4e300000,0x0000007c4e400000)]
  0x000001b699a9f800 JavaThread "Handler for socket connection from /127.0.0.1:58140 to /127.0.0.1:63715" [_thread_in_native, id=8508, stack(0x0000007c4e500000,0x0000007c4e600000)]
  0x000001b699aa3800 JavaThread "Cancel handler" [_thread_blocked, id=9748, stack(0x0000007c4fb00000,0x0000007c4fc00000)]
  0x000001b699a9e000 JavaThread "Daemon worker Thread 3" [_thread_blocked, id=10852, stack(0x0000007c4fc00000,0x0000007c4fd00000)]
  0x000001b699aa6000 JavaThread "Asynchronous log dispatcher for DefaultDaemonConnection: socket connection from /127.0.0.1:58140 to /127.0.0.1:63715" [_thread_blocked, id=7088, stack(0x0000007c4fd00000,0x0000007c4fe00000)]
  0x000001b699aa4800 JavaThread "Stdin handler" [_thread_blocked, id=10132, stack(0x0000007c4fe00000,0x0000007c4ff00000)]
  0x000001b699aa7000 JavaThread "Daemon client event forwarder" [_thread_blocked, id=6536, stack(0x0000007c4ff00000,0x0000007c50000000)]
  0x000001b699aa8000 JavaThread "Cache worker for file hash cache (C:\Users\usuario\Desktop\androidStudioProjects\IMC-Application---MOBILE-APP\.gradle\7.0.2\fileHashes)" [_thread_blocked, id=3180, stack(0x0000007c50000000,0x0000007c50100000)]
  0x000001b699aa5800 JavaThread "Cache worker for checksums cache (C:\Users\usuario\Desktop\androidStudioProjects\IMC-Application---MOBILE-APP\.gradle\checksums)" [_thread_blocked, id=7784, stack(0x0000007c50600000,0x0000007c50700000)]
  0x000001b69eeaf000 JavaThread "Cache worker for cache directory md-supplier (C:\Users\usuario\.gradle\caches\7.0.2\md-supplier)" [_thread_blocked, id=9688, stack(0x0000007c50700000,0x0000007c50800000)]
  0x000001b69eeae000 JavaThread "Cache worker for cache directory md-rule (C:\Users\usuario\.gradle\caches\7.0.2\md-rule)" [_thread_blocked, id=9896, stack(0x0000007c50800000,0x0000007c50900000)]
  0x000001b69eeb0800 JavaThread "Cache worker for dependencies-accessors (C:\Users\usuario\Desktop\androidStudioProjects\IMC-Application---MOBILE-APP\.gradle\7.0.2\dependencies-accessors)" [_thread_blocked, id=968, stack(0x0000007c50f00000,0x0000007c51000000)]
  0x000001b69eeb1800 JavaThread "Cache worker for Build Output Cleanup Cache (C:\Users\usuario\Desktop\androidStudioProjects\IMC-Application---MOBILE-APP\.gradle\buildOutputCleanup)" [_thread_blocked, id=11916, stack(0x0000007c51000000,0x0000007c51100000)]
  0x000001b69eead800 JavaThread "Build operations" [_thread_blocked, id=1208, stack(0x0000007c51200000,0x0000007c51300000)]
  0x000001b69eeac800 JavaThread "Build operations Thread 2" [_thread_blocked, id=10148, stack(0x0000007c51400000,0x0000007c51500000)]
  0x000001b69eeac000 JavaThread "Build operations Thread 3" [_thread_blocked, id=7420, stack(0x0000007c51500000,0x0000007c51600000)]
  0x000001b69eeb4000 JavaThread "Build operations Thread 4" [_thread_blocked, id=10260, stack(0x0000007c51600000,0x0000007c51700000)]
  0x000001b69eeb3000 JavaThread "build event listener" [_thread_blocked, id=4468, stack(0x0000007c51700000,0x0000007c51800000)]
  0x000001b69eeb5000 JavaThread "Execution worker for ':'" [_thread_blocked, id=6592, stack(0x0000007c51800000,0x0000007c51900000)]
  0x000001b69eeb8000 JavaThread "Execution worker for ':' Thread 2" [_thread_blocked, id=11380, stack(0x0000007c51900000,0x0000007c51a00000)]
  0x000001b69eeb2800 JavaThread "Execution worker for ':' Thread 3" [_thread_blocked, id=7004, stack(0x0000007c51b00000,0x0000007c51c00000)]
  0x000001b69eeb5800 JavaThread "Cache worker for execution history cache (C:\Users\usuario\Desktop\androidStudioProjects\IMC-Application---MOBILE-APP\.gradle\7.0.2\executionHistory)" [_thread_blocked, id=8848, stack(0x0000007c51c00000,0x0000007c51d00000)]
  0x000001b69eeb6800 JavaThread "RMI Scheduler(0)" daemon [_thread_blocked, id=1124, stack(0x0000007c50100000,0x0000007c50200000)]
  0x000001b69eeba800 JavaThread "RMI GC Daemon" daemon [_thread_blocked, id=9916, stack(0x0000007c51e00000,0x0000007c51f00000)]
  0x000001b69eeb9000 JavaThread "RMI TCP Accept-0" daemon [_thread_in_native, id=6156, stack(0x0000007c51f00000,0x0000007c52000000)]
  0x000001b69eeb9800 JavaThread "RMI Reaper" [_thread_blocked, id=12064, stack(0x0000007c52000000,0x0000007c52100000)]
  0x000001b6953e2000 JavaThread "RMI TCP Connection(2)-127.0.0.1" daemon [_thread_in_native, id=8672, stack(0x0000007c52100000,0x0000007c52200000)]
  0x000001b6953e3800 JavaThread "Cache worker for Java compile cache (C:\Users\usuario\.gradle\caches\7.0.2\javaCompile)" [_thread_blocked, id=5700, stack(0x0000007c52200000,0x0000007c52300000)]
  0x000001b6953e4800 JavaThread "Cache worker for Java compile cache (C:\Users\usuario\Desktop\androidStudioProjects\IMC-Application---MOBILE-APP\.gradle\7.0.2\javaCompile)" [_thread_blocked, id=9296, stack(0x0000007c52300000,0x0000007c52400000)]
  0x000001b697122800 JavaThread "C2 CompilerThread1" daemon [_thread_blocked, id=10604, stack(0x0000007c52400000,0x0000007c52500000)]
  0x000001b697176800 JavaThread "WorkerExecutor Queue" [_thread_blocked, id=10060, stack(0x0000007c51d00000,0x0000007c51e00000)]
  0x000001b697175800 JavaThread "WorkerExecutor Queue Thread 2" [_thread_blocked, id=3836, stack(0x0000007c52500000,0x0000007c52600000)]
  0x000001b697173000 JavaThread "WorkerExecutor Queue Thread 3" [_thread_blocked, id=4828, stack(0x0000007c52600000,0x0000007c52700000)]
  0x000001b697179000 JavaThread "WorkerExecutor Queue Thread 5" [_thread_blocked, id=9392, stack(0x0000007c52800000,0x0000007c52900000)]
  0x000001b697178000 JavaThread "ForkJoinPool-4-worker-3" daemon [_thread_blocked, id=6960, stack(0x0000007c52900000,0x0000007c52a00000)]
  0x000001b697179800 JavaThread "ForkJoinPool-4-worker-5" daemon [_thread_blocked, id=8440, stack(0x0000007c52a00000,0x0000007c52b00000)]
  0x000001b697174000 JavaThread "ForkJoinPool-4-worker-7" daemon [_thread_blocked, id=9372, stack(0x0000007c52b00000,0x0000007c52c00000)]
  0x000001b69717f800 JavaThread "ForkJoinPool-4-worker-1" daemon [_thread_blocked, id=7148, stack(0x0000007c52c00000,0x0000007c52d00000)]

Other Threads:
=>0x000001b6ff396000 VMThread "VM Thread" [stack: 0x0000007c4eb00000,0x0000007c4ec00000] [id=10364]
  0x000001b6951cc800 WatcherThread [stack: 0x0000007c4f500000,0x0000007c4f600000] [id=9236]
  0x000001b6f8844800 GCTaskThread "GC Thread#0" [stack: 0x0000007c4e600000,0x0000007c4e700000] [id=568]
  0x000001b695c94800 GCTaskThread "GC Thread#1" [stack: 0x0000007c4f700000,0x0000007c4f800000] [id=9048]
  0x000001b695ac1800 GCTaskThread "GC Thread#2" [stack: 0x0000007c4f800000,0x0000007c4f900000] [id=1164]
  0x000001b695557000 GCTaskThread "GC Thread#3" [stack: 0x0000007c50200000,0x0000007c50300000] [id=2296]
  0x000001b6f8874000 ConcurrentGCThread "G1 Main Marker" [stack: 0x0000007c4e700000,0x0000007c4e800000] [id=11308]
  0x000001b6f8876800 ConcurrentGCThread "G1 Conc#0" [stack: 0x0000007c4e800000,0x0000007c4e900000] [id=6736]
  0x000001b6f8905000 ConcurrentGCThread "G1 Refine#0" [stack: 0x0000007c4e900000,0x0000007c4ea00000] [id=7196]
  0x000001b6f8906000 ConcurrentGCThread "G1 Young RemSet Sampling" [stack: 0x0000007c4ea00000,0x0000007c4eb00000] [id=6024]

Threads with active compile tasks:
C2 CompilerThread0 649430 17918       4       com.android.tools.r8.graph.Z$$Lambda$1705/0x000000010105d040::accept (12 bytes)
C1 CompilerThread0 649430 18011       3       com.android.tools.r8.graph.Z::h (9 bytes)
C2 CompilerThread1 649430 17947       4       com.android.tools.r8.dex.o::a (30 bytes)

VM state:at safepoint (normal execution)

VM Mutex/Monitor currently owned by a thread:  ([mutex/lock_event])
[0x000001b6f8828160] Threads_lock - owner thread: 0x000001b6ff396000
[0x000001b6f88285e0] Heap_lock - owner thread: 0x000001b697174000

Heap address: 0x0000000080000000, size: 2048 MB, Compressed Oops mode: 32-bit
Narrow klass base: 0x0000000000000000, Narrow klass shift: 3
Compressed class space size: 1073741824 Address: 0x0000000100000000

Heap:
 garbage-first heap   total 1047552K, used 225716K [0x0000000080000000, 0x0000000100000000)
  region size 1024K, 4 young (4096K), 4 survivors (4096K)
 Metaspace       used 123329K, capacity 127164K, committed 127308K, reserved 1159168K
  class space    used 15993K, capacity 17437K, committed 17536K, reserved 1048576K
Heap Regions: E=young(eden), S=young(survivor), O=old, HS=humongous(starts), HC=humongous(continues), CS=collection set, F=free, A=archive, TAMS=top-at-mark-start (previous, next)
|   0|0x0000000080000000, 0x0000000080100000, 0x0000000080100000|100%| O|  |TAMS 0x0000000080100000, 0x0000000080000000| Untracked 
|   1|0x0000000080100000, 0x0000000080200000, 0x0000000080200000|100%| O|  |TAMS 0x0000000080200000, 0x0000000080100000| Untracked 
|   2|0x0000000080200000, 0x0000000080300000, 0x0000000080300000|100%| O|  |TAMS 0x0000000080300000, 0x0000000080200000| Untracked 
|   3|0x0000000080300000, 0x0000000080400000, 0x0000000080400000|100%|HS|  |TAMS 0x0000000080400000, 0x0000000080300000| Complete 
|   4|0x0000000080400000, 0x0000000080500000, 0x0000000080500000|100%|HC|  |TAMS 0x0000000080500000, 0x0000000080400000| Complete 
|   5|0x0000000080500000, 0x0000000080600000, 0x0000000080600000|100%|HC|  |TAMS 0x0000000080600000, 0x0000000080500000| Complete 
|   6|0x0000000080600000, 0x0000000080700000, 0x0000000080700000|100%| O|  |TAMS 0x0000000080700000, 0x0000000080600000| Untracked 
|   7|0x0000000080700000, 0x0000000080800000, 0x0000000080800000|100%| O|  |TAMS 0x0000000080800000, 0x0000000080700000| Untracked 
|   8|0x0000000080800000, 0x0000000080900000, 0x0000000080900000|100%| O|  |TAMS 0x0000000080900000, 0x0000000080800000| Untracked 
|   9|0x0000000080900000, 0x0000000080a00000, 0x0000000080a00000|100%| O|  |TAMS 0x0000000080a00000, 0x0000000080900000| Untracked 
|  10|0x0000000080a00000, 0x0000000080b00000, 0x0000000080b00000|100%| O|  |TAMS 0x0000000080b00000, 0x0000000080a00000| Untracked 
|  11|0x0000000080b00000, 0x0000000080c00000, 0x0000000080c00000|100%| O|  |TAMS 0x0000000080c00000, 0x0000000080b00000| Untracked 
|  12|0x0000000080c00000, 0x0000000080d00000, 0x0000000080d00000|100%| O|  |TAMS 0x0000000080d00000, 0x0000000080c00000| Untracked 
|  13|0x0000000080d00000, 0x0000000080e00000, 0x0000000080e00000|100%|HS|  |TAMS 0x0000000080e00000, 0x0000000080d00000| Complete 
|  14|0x0000000080e00000, 0x0000000080f00000, 0x0000000080f00000|100%|HC|  |TAMS 0x0000000080f00000, 0x0000000080e00000| Complete 
|  15|0x0000000080f00000, 0x0000000081000000, 0x0000000081000000|100%|HS|  |TAMS 0x0000000081000000, 0x0000000080f00000| Complete 
|  16|0x0000000081000000, 0x0000000081100000, 0x0000000081100000|100%|HC|  |TAMS 0x0000000081100000, 0x0000000081000000| Complete 
|  17|0x0000000081100000, 0x0000000081200000, 0x0000000081200000|100%|HC|  |TAMS 0x0000000081200000, 0x0000000081100000| Complete 
|  18|0x0000000081200000, 0x0000000081300000, 0x0000000081300000|100%|HS|  |TAMS 0x0000000081300000, 0x0000000081200000| Complete 
|  19|0x0000000081300000, 0x0000000081400000, 0x0000000081400000|100%|HC|  |TAMS 0x0000000081400000, 0x0000000081300000| Complete 
|  20|0x0000000081400000, 0x0000000081500000, 0x0000000081500000|100%|HC|  |TAMS 0x0000000081500000, 0x0000000081400000| Complete 
|  21|0x0000000081500000, 0x0000000081600000, 0x0000000081600000|100%|HC|  |TAMS 0x0000000081600000, 0x0000000081500000| Complete 
|  22|0x0000000081600000, 0x0000000081700000, 0x0000000081700000|100%|HC|  |TAMS 0x0000000081700000, 0x0000000081600000| Complete 
|  23|0x0000000081700000, 0x0000000081800000, 0x0000000081800000|100%| O|  |TAMS 0x0000000081800000, 0x0000000081700000| Untracked 
|  24|0x0000000081800000, 0x0000000081900000, 0x0000000081900000|100%| O|  |TAMS 0x0000000081900000, 0x0000000081800000| Untracked 
|  25|0x0000000081900000, 0x0000000081a00000, 0x0000000081a00000|100%| O|  |TAMS 0x0000000081a00000, 0x0000000081900000| Untracked 
|  26|0x0000000081a00000, 0x0000000081b00000, 0x0000000081b00000|100%| O|  |TAMS 0x0000000081b00000, 0x0000000081a00000| Untracked 
|  27|0x0000000081b00000, 0x0000000081c00000, 0x0000000081c00000|100%| O|  |TAMS 0x0000000081c00000, 0x0000000081b00000| Untracked 
|  28|0x0000000081c00000, 0x0000000081d00000, 0x0000000081d00000|100%| O|  |TAMS 0x0000000081d00000, 0x0000000081c00000| Untracked 
|  29|0x0000000081d00000, 0x0000000081e00000, 0x0000000081e00000|100%|HS|  |TAMS 0x0000000081e00000, 0x0000000081d00000| Complete 
|  30|0x0000000081e00000, 0x0000000081f00000, 0x0000000081f00000|100%|HC|  |TAMS 0x0000000081f00000, 0x0000000081e00000| Complete 
|  31|0x0000000081f00000, 0x0000000082000000, 0x0000000082000000|100%|HC|  |TAMS 0x0000000082000000, 0x0000000081f00000| Complete 
|  32|0x0000000082000000, 0x0000000082100000, 0x0000000082100000|100%| O|  |TAMS 0x0000000082100000, 0x0000000082000000| Untracked 
|  33|0x0000000082100000, 0x0000000082200000, 0x0000000082200000|100%| O|  |TAMS 0x0000000082200000, 0x0000000082100000| Untracked 
|  34|0x0000000082200000, 0x0000000082300000, 0x0000000082300000|100%| O|  |TAMS 0x0000000082300000, 0x0000000082200000| Untracked 
|  35|0x0000000082300000, 0x0000000082400000, 0x0000000082400000|100%|HS|  |TAMS 0x0000000082400000, 0x0000000082300000| Complete 
|  36|0x0000000082400000, 0x0000000082500000, 0x0000000082500000|100%|HC|  |TAMS 0x0000000082500000, 0x0000000082400000| Complete 
|  37|0x0000000082500000, 0x0000000082600000, 0x0000000082600000|100%|HC|  |TAMS 0x0000000082600000, 0x0000000082500000| Complete 
|  38|0x0000000082600000, 0x0000000082700000, 0x0000000082700000|100%|HC|  |TAMS 0x0000000082700000, 0x0000000082600000| Complete 
|  39|0x0000000082700000, 0x0000000082800000, 0x0000000082800000|100%|HC|  |TAMS 0x0000000082800000, 0x0000000082700000| Complete 
|  40|0x0000000082800000, 0x0000000082900000, 0x0000000082900000|100%| O|  |TAMS 0x0000000082900000, 0x0000000082800000| Untracked 
|  41|0x0000000082900000, 0x0000000082a00000, 0x0000000082a00000|100%| O|  |TAMS 0x0000000082a00000, 0x0000000082900000| Untracked 
|  42|0x0000000082a00000, 0x0000000082b00000, 0x0000000082b00000|100%| O|  |TAMS 0x0000000082b00000, 0x0000000082a00000| Untracked 
|  43|0x0000000082b00000, 0x0000000082c00000, 0x0000000082c00000|100%| O|  |TAMS 0x0000000082c00000, 0x0000000082b00000| Untracked 
|  44|0x0000000082c00000, 0x0000000082d00000, 0x0000000082d00000|100%| O|  |TAMS 0x0000000082d00000, 0x0000000082c00000| Untracked 
|  45|0x0000000082d00000, 0x0000000082e00000, 0x0000000082e00000|100%| O|  |TAMS 0x0000000082e00000, 0x0000000082d00000| Untracked 
|  46|0x0000000082e00000, 0x0000000082f00000, 0x0000000082f00000|100%| O|  |TAMS 0x0000000082f00000, 0x0000000082e00000| Untracked 
|  47|0x0000000082f00000, 0x0000000083000000, 0x0000000083000000|100%| O|  |TAMS 0x0000000083000000, 0x0000000082f00000| Untracked 
|  48|0x0000000083000000, 0x0000000083100000, 0x0000000083100000|100%| O|  |TAMS 0x0000000083100000, 0x0000000083000000| Untracked 
|  49|0x0000000083100000, 0x0000000083200000, 0x0000000083200000|100%| O|  |TAMS 0x0000000083200000, 0x0000000083100000| Untracked 
|  50|0x0000000083200000, 0x0000000083300000, 0x0000000083300000|100%| O|  |TAMS 0x0000000083300000, 0x0000000083200000| Untracked 
|  51|0x0000000083300000, 0x0000000083400000, 0x0000000083400000|100%|HS|  |TAMS 0x0000000083400000, 0x0000000083300000| Complete 
|  52|0x0000000083400000, 0x0000000083500000, 0x0000000083500000|100%|HS|  |TAMS 0x0000000083500000, 0x0000000083400000| Complete 
|  53|0x0000000083500000, 0x0000000083600000, 0x0000000083600000|100%|HS|  |TAMS 0x0000000083600000, 0x0000000083500000| Complete 
|  54|0x0000000083600000, 0x0000000083700000, 0x0000000083700000|100%|HS|  |TAMS 0x0000000083700000, 0x0000000083600000| Complete 
|  55|0x0000000083700000, 0x0000000083800000, 0x0000000083800000|100%|HC|  |TAMS 0x0000000083800000, 0x0000000083700000| Complete 
|  56|0x0000000083800000, 0x0000000083900000, 0x0000000083900000|100%|HC|  |TAMS 0x0000000083900000, 0x0000000083800000| Complete 
|  57|0x0000000083900000, 0x0000000083a00000, 0x0000000083a00000|100%|HS|  |TAMS 0x0000000083a00000, 0x0000000083900000| Complete 
|  58|0x0000000083a00000, 0x0000000083b00000, 0x0000000083b00000|100%|HC|  |TAMS 0x0000000083b00000, 0x0000000083a00000| Complete 
|  59|0x0000000083b00000, 0x0000000083c00000, 0x0000000083c00000|100%| O|  |TAMS 0x0000000083c00000, 0x0000000083b00000| Untracked 
|  60|0x0000000083c00000, 0x0000000083d00000, 0x0000000083d00000|100%| O|  |TAMS 0x0000000083d00000, 0x0000000083c00000| Untracked 
|  61|0x0000000083d00000, 0x0000000083e00000, 0x0000000083e00000|100%| O|  |TAMS 0x0000000083e00000, 0x0000000083d00000| Untracked 
|  62|0x0000000083e00000, 0x0000000083f00000, 0x0000000083f00000|100%| O|  |TAMS 0x0000000083f00000, 0x0000000083e00000| Untracked 
|  63|0x0000000083f00000, 0x0000000084000000, 0x0000000084000000|100%| O|  |TAMS 0x0000000084000000, 0x0000000083f00000| Untracked 
|  64|0x0000000084000000, 0x0000000084100000, 0x0000000084100000|100%| O|  |TAMS 0x0000000084100000, 0x0000000084000000| Untracked 
|  65|0x0000000084100000, 0x0000000084200000, 0x0000000084200000|100%| O|  |TAMS 0x0000000084200000, 0x0000000084100000| Untracked 
|  66|0x0000000084200000, 0x0000000084300000, 0x0000000084300000|100%| O|  |TAMS 0x0000000084300000, 0x0000000084200000| Untracked 
|  67|0x0000000084300000, 0x0000000084400000, 0x0000000084400000|100%| O|  |TAMS 0x0000000084400000, 0x0000000084300000| Untracked 
|  68|0x0000000084400000, 0x0000000084500000, 0x0000000084500000|100%| O|  |TAMS 0x0000000084500000, 0x0000000084400000| Untracked 
|  69|0x0000000084500000, 0x0000000084600000, 0x0000000084600000|100%| O|  |TAMS 0x0000000084600000, 0x0000000084500000| Untracked 
|  70|0x0000000084600000, 0x0000000084700000, 0x0000000084700000|100%| O|  |TAMS 0x0000000084700000, 0x0000000084600000| Untracked 
|  71|0x0000000084700000, 0x0000000084800000, 0x0000000084800000|100%| O|  |TAMS 0x0000000084800000, 0x0000000084700000| Untracked 
|  72|0x0000000084800000, 0x0000000084900000, 0x0000000084900000|100%| O|  |TAMS 0x0000000084900000, 0x0000000084800000| Untracked 
|  73|0x0000000084900000, 0x0000000084a00000, 0x0000000084a00000|100%| O|  |TAMS 0x0000000084a00000, 0x0000000084900000| Untracked 
|  74|0x0000000084a00000, 0x0000000084b00000, 0x0000000084b00000|100%| O|  |TAMS 0x0000000084b00000, 0x0000000084a00000| Untracked 
|  75|0x0000000084b00000, 0x0000000084c00000, 0x0000000084c00000|100%| O|  |TAMS 0x0000000084c00000, 0x0000000084b00000| Untracked 
|  76|0x0000000084c00000, 0x0000000084d00000, 0x0000000084d00000|100%| O|  |TAMS 0x0000000084d00000, 0x0000000084c00000| Untracked 
|  77|0x0000000084d00000, 0x0000000084e00000, 0x0000000084e00000|100%| O|  |TAMS 0x0000000084e00000, 0x0000000084d00000| Untracked 
|  78|0x0000000084e00000, 0x0000000084f00000, 0x0000000084f00000|100%| O|  |TAMS 0x0000000084f00000, 0x0000000084e00000| Untracked 
|  79|0x0000000084f00000, 0x0000000085000000, 0x0000000085000000|100%| O|  |TAMS 0x0000000085000000, 0x0000000084f00000| Untracked 
|  80|0x0000000085000000, 0x0000000085100000, 0x0000000085100000|100%| O|  |TAMS 0x0000000085100000, 0x0000000085000000| Untracked 
|  81|0x0000000085100000, 0x0000000085200000, 0x0000000085200000|100%| O|  |TAMS 0x0000000085200000, 0x0000000085100000| Untracked 
|  82|0x0000000085200000, 0x0000000085300000, 0x0000000085300000|100%| O|  |TAMS 0x0000000085246400, 0x0000000085200000| Untracked 
|  83|0x0000000085300000, 0x0000000085400000, 0x0000000085400000|100%| O|  |TAMS 0x0000000085400000, 0x0000000085300000| Untracked 
|  84|0x0000000085400000, 0x0000000085500000, 0x0000000085500000|100%| O|  |TAMS 0x0000000085500000, 0x0000000085400000| Untracked 
|  85|0x0000000085500000, 0x0000000085600000, 0x0000000085600000|100%| O|  |TAMS 0x0000000085500000, 0x0000000085500000| Untracked 
|  86|0x0000000085600000, 0x0000000085700000, 0x0000000085700000|100%|HS|  |TAMS 0x0000000085700000, 0x0000000085600000| Complete 
|  87|0x0000000085700000, 0x0000000085800000, 0x0000000085800000|100%|HS|  |TAMS 0x0000000085700000, 0x0000000085700000| Complete 
|  88|0x0000000085800000, 0x0000000085900000, 0x0000000085900000|100%| O|  |TAMS 0x0000000085900000, 0x0000000085800000| Untracked 
|  89|0x0000000085900000, 0x0000000085a00000, 0x0000000085a00000|100%| O|  |TAMS 0x0000000085a00000, 0x0000000085900000| Untracked 
|  90|0x0000000085a00000, 0x0000000085b00000, 0x0000000085b00000|100%| O|  |TAMS 0x0000000085b00000, 0x0000000085a00000| Untracked 
|  91|0x0000000085b00000, 0x0000000085c00000, 0x0000000085c00000|100%| O|  |TAMS 0x0000000085c00000, 0x0000000085b00000| Untracked 
|  92|0x0000000085c00000, 0x0000000085d00000, 0x0000000085d00000|100%| O|  |TAMS 0x0000000085d00000, 0x0000000085c00000| Untracked 
|  93|0x0000000085d00000, 0x0000000085e00000, 0x0000000085e00000|100%| O|  |TAMS 0x0000000085e00000, 0x0000000085d00000| Untracked 
|  94|0x0000000085e00000, 0x0000000085f00000, 0x0000000085f00000|100%| O|  |TAMS 0x0000000085f00000, 0x0000000085e00000| Untracked 
|  95|0x0000000085f00000, 0x0000000086000000, 0x0000000086000000|100%| O|  |TAMS 0x0000000086000000, 0x0000000085f00000| Untracked 
|  96|0x0000000086000000, 0x0000000086100000, 0x0000000086100000|100%| O|  |TAMS 0x0000000086100000, 0x0000000086000000| Untracked 
|  97|0x0000000086100000, 0x0000000086200000, 0x0000000086200000|100%| O|  |TAMS 0x0000000086200000, 0x0000000086100000| Untracked 
|  98|0x0000000086200000, 0x0000000086300000, 0x0000000086300000|100%|HS|  |TAMS 0x0000000086200000, 0x0000000086200000| Complete 
|  99|0x0000000086300000, 0x0000000086400000, 0x0000000086400000|100%| O|  |TAMS 0x0000000086400000, 0x0000000086300000| Untracked 
| 100|0x0000000086400000, 0x0000000086500000, 0x0000000086500000|100%| O|  |TAMS 0x0000000086500000, 0x0000000086400000| Untracked 
| 101|0x0000000086500000, 0x0000000086600000, 0x0000000086600000|100%| O|  |TAMS 0x0000000086600000, 0x0000000086500000| Untracked 
| 102|0x0000000086600000, 0x0000000086700000, 0x0000000086700000|100%| O|  |TAMS 0x0000000086700000, 0x0000000086600000| Untracked 
| 103|0x0000000086700000, 0x0000000086800000, 0x0000000086800000|100%| O|  |TAMS 0x0000000086800000, 0x0000000086700000| Untracked 
| 104|0x0000000086800000, 0x0000000086900000, 0x0000000086900000|100%| O|  |TAMS 0x0000000086900000, 0x0000000086800000| Untracked 
| 105|0x0000000086900000, 0x0000000086a00000, 0x0000000086a00000|100%| O|  |TAMS 0x0000000086a00000, 0x0000000086900000| Untracked 
| 106|0x0000000086a00000, 0x0000000086b00000, 0x0000000086b00000|100%|HS|  |TAMS 0x0000000086b00000, 0x0000000086a00000| Complete 
| 107|0x0000000086b00000, 0x0000000086c00000, 0x0000000086c00000|100%|HC|  |TAMS 0x0000000086c00000, 0x0000000086b00000| Complete 
| 108|0x0000000086c00000, 0x0000000086d00000, 0x0000000086d00000|100%|HS|  |TAMS 0x0000000086d00000, 0x0000000086c00000| Complete 
| 109|0x0000000086d00000, 0x0000000086e00000, 0x0000000086e00000|100%|HS|  |TAMS 0x0000000086e00000, 0x0000000086d00000| Complete 
| 110|0x0000000086e00000, 0x0000000086f00000, 0x0000000086f00000|100%| O|  |TAMS 0x0000000086f00000, 0x0000000086e00000| Untracked 
| 111|0x0000000086f00000, 0x0000000087000000, 0x0000000087000000|100%|HS|  |TAMS 0x0000000087000000, 0x0000000086f00000| Complete 
| 112|0x0000000087000000, 0x0000000087100000, 0x0000000087100000|100%|HC|  |TAMS 0x0000000087100000, 0x0000000087000000| Complete 
| 113|0x0000000087100000, 0x0000000087200000, 0x0000000087200000|100%|HC|  |TAMS 0x0000000087200000, 0x0000000087100000| Complete 
| 114|0x0000000087200000, 0x0000000087300000, 0x0000000087300000|100%| O|  |TAMS 0x0000000087300000, 0x0000000087200000| Untracked 
| 115|0x0000000087300000, 0x0000000087400000, 0x0000000087400000|100%| O|  |TAMS 0x0000000087400000, 0x0000000087300000| Untracked 
| 116|0x0000000087400000, 0x0000000087500000, 0x0000000087500000|100%| O|  |TAMS 0x0000000087500000, 0x0000000087400000| Untracked 
| 117|0x0000000087500000, 0x0000000087600000, 0x0000000087600000|100%| O|  |TAMS 0x0000000087600000, 0x0000000087500000| Untracked 
| 118|0x0000000087600000, 0x0000000087700000, 0x0000000087700000|100%| O|  |TAMS 0x0000000087700000, 0x0000000087600000| Untracked 
| 119|0x0000000087700000, 0x0000000087800000, 0x0000000087800000|100%|HS|  |TAMS 0x0000000087700000, 0x0000000087700000| Complete 
| 120|0x0000000087800000, 0x0000000087900000, 0x0000000087900000|100%| O|  |TAMS 0x0000000087900000, 0x0000000087800000| Untracked 
| 121|0x0000000087900000, 0x0000000087a00000, 0x0000000087a00000|100%| O|  |TAMS 0x0000000087a00000, 0x0000000087900000| Untracked 
| 122|0x0000000087a00000, 0x0000000087b00000, 0x0000000087b00000|100%| O|  |TAMS 0x0000000087b00000, 0x0000000087a00000| Untracked 
| 123|0x0000000087b00000, 0x0000000087c00000, 0x0000000087c00000|100%| O|  |TAMS 0x0000000087c00000, 0x0000000087b00000| Untracked 
| 124|0x0000000087c00000, 0x0000000087d00000, 0x0000000087d00000|100%| O|  |TAMS 0x0000000087d00000, 0x0000000087c00000| Untracked 
| 125|0x0000000087d00000, 0x0000000087e00000, 0x0000000087e00000|100%|HS|  |TAMS 0x0000000087d00000, 0x0000000087d00000| Complete 
| 126|0x0000000087e00000, 0x0000000087f00000, 0x0000000087f00000|100%| O|  |TAMS 0x0000000087f00000, 0x0000000087e00000| Untracked 
| 127|0x0000000087f00000, 0x0000000088000000, 0x0000000088000000|100%| O|  |TAMS 0x0000000088000000, 0x0000000087f00000| Untracked 
| 128|0x0000000088000000, 0x0000000088100000, 0x0000000088100000|100%| O|  |TAMS 0x0000000088100000, 0x0000000088000000| Untracked 
| 129|0x0000000088100000, 0x0000000088200000, 0x0000000088200000|100%| O|  |TAMS 0x0000000088200000, 0x0000000088100000| Untracked 
| 130|0x0000000088200000, 0x0000000088300000, 0x0000000088300000|100%| O|  |TAMS 0x0000000088300000, 0x0000000088200000| Untracked 
| 131|0x0000000088300000, 0x0000000088400000, 0x0000000088400000|100%| O|  |TAMS 0x0000000088300000, 0x0000000088300000| Untracked 
| 132|0x0000000088400000, 0x0000000088500000, 0x0000000088500000|100%| O|  |TAMS 0x0000000088500000, 0x0000000088400000| Untracked 
| 133|0x0000000088500000, 0x0000000088600000, 0x0000000088600000|100%|HS|  |TAMS 0x0000000088500000, 0x0000000088500000| Complete 
| 134|0x0000000088600000, 0x0000000088700000, 0x0000000088700000|100%| O|  |TAMS 0x0000000088700000, 0x0000000088600000| Untracked 
| 135|0x0000000088700000, 0x0000000088800000, 0x0000000088800000|100%| O|  |TAMS 0x0000000088700000, 0x0000000088700000| Untracked 
| 136|0x0000000088800000, 0x0000000088900000, 0x0000000088900000|100%| O|  |TAMS 0x0000000088900000, 0x0000000088800000| Untracked 
| 137|0x0000000088900000, 0x0000000088a00000, 0x0000000088a00000|100%| O|  |TAMS 0x0000000088a00000, 0x0000000088900000| Untracked 
| 138|0x0000000088a00000, 0x0000000088b00000, 0x0000000088b00000|100%|HS|  |TAMS 0x0000000088a00000, 0x0000000088a00000| Complete 
| 139|0x0000000088b00000, 0x0000000088c00000, 0x0000000088c00000|100%|HC|  |TAMS 0x0000000088b00000, 0x0000000088b00000| Complete 
| 140|0x0000000088c00000, 0x0000000088d00000, 0x0000000088d00000|100%| O|  |TAMS 0x0000000088d00000, 0x0000000088c00000| Untracked 
| 141|0x0000000088d00000, 0x0000000088e00000, 0x0000000088e00000|100%| O|  |TAMS 0x0000000088d00000, 0x0000000088d00000| Untracked 
| 142|0x0000000088e00000, 0x0000000088f00000, 0x0000000088f00000|100%| O|  |TAMS 0x0000000088f00000, 0x0000000088e00000| Untracked 
| 143|0x0000000088f00000, 0x0000000089000000, 0x0000000089000000|100%| O|  |TAMS 0x0000000089000000, 0x0000000088f00000| Untracked 
| 144|0x0000000089000000, 0x0000000089100000, 0x0000000089100000|100%| O|  |TAMS 0x0000000089100000, 0x0000000089000000| Untracked 
| 145|0x0000000089100000, 0x0000000089200000, 0x0000000089200000|100%|HS|  |TAMS 0x0000000089100000, 0x0000000089100000| Complete 
| 146|0x0000000089200000, 0x0000000089300000, 0x0000000089300000|100%|HC|  |TAMS 0x0000000089200000, 0x0000000089200000| Complete 
| 147|0x0000000089300000, 0x0000000089400000, 0x0000000089400000|100%| O|  |TAMS 0x0000000089300000, 0x0000000089300000| Untracked 
| 148|0x0000000089400000, 0x0000000089500000, 0x0000000089500000|100%| O|  |TAMS 0x0000000089500000, 0x0000000089400000| Untracked 
| 149|0x0000000089500000, 0x0000000089600000, 0x0000000089600000|100%| O|  |TAMS 0x0000000089500000, 0x0000000089500000| Untracked 
| 150|0x0000000089600000, 0x0000000089700000, 0x0000000089700000|100%|HS|  |TAMS 0x0000000089700000, 0x0000000089600000| Complete 
| 151|0x0000000089700000, 0x0000000089800000, 0x0000000089800000|100%| O|  |TAMS 0x0000000089800000, 0x0000000089700000| Untracked 
| 152|0x0000000089800000, 0x0000000089900000, 0x0000000089900000|100%| O|  |TAMS 0x0000000089900000, 0x0000000089800000| Untracked 
| 153|0x0000000089900000, 0x0000000089a00000, 0x0000000089a00000|100%| O|  |TAMS 0x0000000089a00000, 0x0000000089900000| Untracked 
| 154|0x0000000089a00000, 0x0000000089b00000, 0x0000000089b00000|100%| O|  |TAMS 0x0000000089b00000, 0x0000000089a00000| Untracked 
| 155|0x0000000089b00000, 0x0000000089c00000, 0x0000000089c00000|100%| O|  |TAMS 0x0000000089c00000, 0x0000000089b00000| Untracked 
| 156|0x0000000089c00000, 0x0000000089d00000, 0x0000000089d00000|100%| O|  |TAMS 0x0000000089d00000, 0x0000000089c00000| Untracked 
| 157|0x0000000089d00000, 0x0000000089e00000, 0x0000000089e00000|100%| O|  |TAMS 0x0000000089e00000, 0x0000000089d00000| Untracked 
| 158|0x0000000089e00000, 0x0000000089f00000, 0x0000000089f00000|100%| O|  |TAMS 0x0000000089f00000, 0x0000000089e00000| Untracked 
| 159|0x0000000089f00000, 0x000000008a000000, 0x000000008a000000|100%| O|  |TAMS 0x000000008a000000, 0x0000000089f00000| Untracked 
| 160|0x000000008a000000, 0x000000008a100000, 0x000000008a100000|100%| O|  |TAMS 0x000000008a100000, 0x000000008a000000| Untracked 
| 161|0x000000008a100000, 0x000000008a200000, 0x000000008a200000|100%| O|  |TAMS 0x000000008a100000, 0x000000008a100000| Untracked 
| 162|0x000000008a200000, 0x000000008a300000, 0x000000008a300000|100%| O|  |TAMS 0x000000008a300000, 0x000000008a200000| Untracked 
| 163|0x000000008a300000, 0x000000008a400000, 0x000000008a400000|100%| O|  |TAMS 0x000000008a400000, 0x000000008a300000| Untracked 
| 164|0x000000008a400000, 0x000000008a500000, 0x000000008a500000|100%| O|  |TAMS 0x000000008a400000, 0x000000008a400000| Untracked 
| 165|0x000000008a500000, 0x000000008a600000, 0x000000008a600000|100%| O|  |TAMS 0x000000008a600000, 0x000000008a500000| Untracked 
| 166|0x000000008a600000, 0x000000008a700000, 0x000000008a700000|100%| O|  |TAMS 0x000000008a700000, 0x000000008a600000| Untracked 
| 167|0x000000008a700000, 0x000000008a800000, 0x000000008a800000|100%| O|  |TAMS 0x000000008a800000, 0x000000008a700000| Untracked 
| 168|0x000000008a800000, 0x000000008a900000, 0x000000008a900000|100%| O|  |TAMS 0x000000008a900000, 0x000000008a800000| Untracked 
| 169|0x000000008a900000, 0x000000008aa00000, 0x000000008aa00000|100%| O|  |TAMS 0x000000008aa00000, 0x000000008a900000| Untracked 
| 170|0x000000008aa00000, 0x000000008ab00000, 0x000000008ab00000|100%| O|  |TAMS 0x000000008ab00000, 0x000000008aa00000| Untracked 
| 171|0x000000008ab00000, 0x000000008ac00000, 0x000000008ac00000|100%| O|  |TAMS 0x000000008ac00000, 0x000000008ab00000| Untracked 
| 172|0x000000008ac00000, 0x000000008ad00000, 0x000000008ad00000|100%| O|  |TAMS 0x000000008ad00000, 0x000000008ac00000| Untracked 
| 173|0x000000008ad00000, 0x000000008ae00000, 0x000000008ae00000|100%|HS|  |TAMS 0x000000008ad00000, 0x000000008ad00000| Complete 
| 174|0x000000008ae00000, 0x000000008af00000, 0x000000008af00000|100%| O|  |TAMS 0x000000008af00000, 0x000000008ae00000| Untracked 
| 175|0x000000008af00000, 0x000000008b000000, 0x000000008b000000|100%| O|  |TAMS 0x000000008b000000, 0x000000008af00000| Untracked 
| 176|0x000000008b000000, 0x000000008b100000, 0x000000008b100000|100%| O|  |TAMS 0x000000008b100000, 0x000000008b000000| Untracked 
| 177|0x000000008b100000, 0x000000008b200000, 0x000000008b200000|100%| O|  |TAMS 0x000000008b200000, 0x000000008b100000| Untracked 
| 178|0x000000008b200000, 0x000000008b300000, 0x000000008b300000|100%| O|  |TAMS 0x000000008b300000, 0x000000008b200000| Untracked 
| 179|0x000000008b300000, 0x000000008b400000, 0x000000008b400000|100%|HS|  |TAMS 0x000000008b300000, 0x000000008b300000| Complete 
| 180|0x000000008b400000, 0x000000008b400000, 0x000000008b500000|  0%| F|  |TAMS 0x000000008b400000, 0x000000008b400000| Untracked 
| 181|0x000000008b500000, 0x000000008b600000, 0x000000008b600000|100%| O|  |TAMS 0x000000008b600000, 0x000000008b500000| Untracked 
| 182|0x000000008b600000, 0x000000008b700000, 0x000000008b700000|100%| O|  |TAMS 0x000000008b700000, 0x000000008b600000| Untracked 
| 183|0x000000008b700000, 0x000000008b800000, 0x000000008b800000|100%| O|  |TAMS 0x000000008b800000, 0x000000008b700000| Untracked 
| 184|0x000000008b800000, 0x000000008b900000, 0x000000008b900000|100%| O|  |TAMS 0x000000008b900000, 0x000000008b800000| Untracked 
| 185|0x000000008b900000, 0x000000008ba00000, 0x000000008ba00000|100%|HS|  |TAMS 0x000000008b900000, 0x000000008b900000| Complete 
| 186|0x000000008ba00000, 0x000000008bb00000, 0x000000008bb00000|100%| O|  |TAMS 0x000000008bb00000, 0x000000008ba00000| Untracked 
| 187|0x000000008bb00000, 0x000000008bc00000, 0x000000008bc00000|100%| O|  |TAMS 0x000000008bc00000, 0x000000008bb00000| Untracked 
| 188|0x000000008bc00000, 0x000000008bd00000, 0x000000008bd00000|100%| O|  |TAMS 0x000000008bd00000, 0x000000008bc00000| Untracked 
| 189|0x000000008bd00000, 0x000000008be00000, 0x000000008be00000|100%| O|  |TAMS 0x000000008be00000, 0x000000008bd00000| Untracked 
| 190|0x000000008be00000, 0x000000008bf00000, 0x000000008bf00000|100%|HS|  |TAMS 0x000000008be00000, 0x000000008be00000| Complete 
| 191|0x000000008bf00000, 0x000000008c000000, 0x000000008c000000|100%| O|  |TAMS 0x000000008c000000, 0x000000008bf00000| Untracked 
| 192|0x000000008c000000, 0x000000008c100000, 0x000000008c100000|100%| O|  |TAMS 0x000000008c100000, 0x000000008c000000| Untracked 
| 193|0x000000008c100000, 0x000000008c200000, 0x000000008c200000|100%| O|  |TAMS 0x000000008c100000, 0x000000008c100000| Untracked 
| 194|0x000000008c200000, 0x000000008c300000, 0x000000008c300000|100%| O|  |TAMS 0x000000008c300000, 0x000000008c200000| Untracked 
| 195|0x000000008c300000, 0x000000008c400000, 0x000000008c400000|100%| O|  |TAMS 0x000000008c400000, 0x000000008c300000| Untracked 
| 196|0x000000008c400000, 0x000000008c500000, 0x000000008c500000|100%| O|  |TAMS 0x000000008c500000, 0x000000008c400000| Untracked 
| 197|0x000000008c500000, 0x000000008c600000, 0x000000008c600000|100%| O|  |TAMS 0x000000008c600000, 0x000000008c500000| Untracked 
| 198|0x000000008c600000, 0x000000008c700000, 0x000000008c700000|100%| O|  |TAMS 0x000000008c700000, 0x000000008c600000| Untracked 
| 199|0x000000008c700000, 0x000000008c800000, 0x000000008c800000|100%| O|  |TAMS 0x000000008c800000, 0x000000008c700000| Untracked 
| 200|0x000000008c800000, 0x000000008c900000, 0x000000008c900000|100%| O|  |TAMS 0x000000008c900000, 0x000000008c800000| Untracked 
| 201|0x000000008c900000, 0x000000008ca00000, 0x000000008ca00000|100%|HS|  |TAMS 0x000000008c900000, 0x000000008c900000| Complete 
| 202|0x000000008ca00000, 0x000000008cb00000, 0x000000008cb00000|100%|HC|  |TAMS 0x000000008ca00000, 0x000000008ca00000| Complete 
| 203|0x000000008cb00000, 0x000000008cc00000, 0x000000008cc00000|100%| O|  |TAMS 0x000000008cb00000, 0x000000008cb00000| Untracked 
| 204|0x000000008cc00000, 0x000000008cd00000, 0x000000008cd00000|100%| O|  |TAMS 0x000000008cc00000, 0x000000008cc00000| Untracked 
| 205|0x000000008cd00000, 0x000000008ce00000, 0x000000008ce00000|100%|HS|  |TAMS 0x000000008cd00000, 0x000000008cd00000| Complete 
| 206|0x000000008ce00000, 0x000000008cf00000, 0x000000008cf00000|100%|HC|  |TAMS 0x000000008ce00000, 0x000000008ce00000| Complete 
| 207|0x000000008cf00000, 0x000000008d000000, 0x000000008d000000|100%| O|  |TAMS 0x000000008cf00000, 0x000000008cf00000| Untracked 
| 208|0x000000008d000000, 0x000000008d06d200, 0x000000008d100000| 42%| O|  |TAMS 0x000000008d000000, 0x000000008d000000| Untracked 
| 209|0x000000008d100000, 0x000000008d100000, 0x000000008d200000|  0%| F|  |TAMS 0x000000008d100000, 0x000000008d100000| Untracked 
| 210|0x000000008d200000, 0x000000008d200000, 0x000000008d300000|  0%| F|  |TAMS 0x000000008d200000, 0x000000008d200000| Untracked 
| 211|0x000000008d300000, 0x000000008d300000, 0x000000008d400000|  0%| F|  |TAMS 0x000000008d300000, 0x000000008d300000| Untracked 
| 212|0x000000008d400000, 0x000000008d400000, 0x000000008d500000|  0%| F|  |TAMS 0x000000008d400000, 0x000000008d400000| Untracked 
| 213|0x000000008d500000, 0x000000008d500000, 0x000000008d600000|  0%| F|  |TAMS 0x000000008d500000, 0x000000008d500000| Untracked 
| 214|0x000000008d600000, 0x000000008d600000, 0x000000008d700000|  0%| F|  |TAMS 0x000000008d600000, 0x000000008d600000| Untracked 
| 215|0x000000008d700000, 0x000000008d700000, 0x000000008d800000|  0%| F|  |TAMS 0x000000008d700000, 0x000000008d700000| Untracked 
| 216|0x000000008d800000, 0x000000008d800000, 0x000000008d900000|  0%| F|  |TAMS 0x000000008d800000, 0x000000008d800000| Untracked 
| 217|0x000000008d900000, 0x000000008d900000, 0x000000008da00000|  0%| F|  |TAMS 0x000000008d900000, 0x000000008d900000| Untracked 
| 218|0x000000008da00000, 0x000000008da00000, 0x000000008db00000|  0%| F|  |TAMS 0x000000008da00000, 0x000000008da00000| Untracked 
| 219|0x000000008db00000, 0x000000008db00000, 0x000000008dc00000|  0%| F|  |TAMS 0x000000008db00000, 0x000000008db00000| Untracked 
| 220|0x000000008dc00000, 0x000000008dc00000, 0x000000008dd00000|  0%| F|  |TAMS 0x000000008dc00000, 0x000000008dc00000| Untracked 
| 221|0x000000008dd00000, 0x000000008dd00000, 0x000000008de00000|  0%| F|  |TAMS 0x000000008dd00000, 0x000000008dd00000| Untracked 
| 222|0x000000008de00000, 0x000000008df00000, 0x000000008df00000|100%| O|  |TAMS 0x000000008df00000, 0x000000008de00000| Untracked 
| 223|0x000000008df00000, 0x000000008e000000, 0x000000008e000000|100%| O|  |TAMS 0x000000008e000000, 0x000000008df00000| Untracked 
| 224|0x000000008e000000, 0x000000008e100000, 0x000000008e100000|100%| O|  |TAMS 0x000000008e100000, 0x000000008e000000| Untracked 
| 225|0x000000008e100000, 0x000000008e200000, 0x000000008e200000|100%| O|  |TAMS 0x000000008e200000, 0x000000008e100000| Untracked 
| 226|0x000000008e200000, 0x000000008e300000, 0x000000008e300000|100%| O|  |TAMS 0x000000008e300000, 0x000000008e200000| Untracked 
| 227|0x000000008e300000, 0x000000008e400000, 0x000000008e400000|100%| O|  |TAMS 0x000000008e400000, 0x000000008e300000| Untracked 
| 228|0x000000008e400000, 0x000000008e500000, 0x000000008e500000|100%| O|  |TAMS 0x000000008e500000, 0x000000008e400000| Untracked 
| 229|0x000000008e500000, 0x000000008e600000, 0x000000008e600000|100%| O|  |TAMS 0x000000008e600000, 0x000000008e500000| Untracked 
| 230|0x000000008e600000, 0x000000008e700000, 0x000000008e700000|100%| O|  |TAMS 0x000000008e700000, 0x000000008e600000| Untracked 
| 231|0x000000008e700000, 0x000000008e700000, 0x000000008e800000|  0%| F|  |TAMS 0x000000008e700000, 0x000000008e700000| Untracked 
| 232|0x000000008e800000, 0x000000008e800000, 0x000000008e900000|  0%| F|  |TAMS 0x000000008e800000, 0x000000008e800000| Untracked 
| 233|0x000000008e900000, 0x000000008e900000, 0x000000008ea00000|  0%| F|  |TAMS 0x000000008e900000, 0x000000008e900000| Untracked 
| 234|0x000000008ea00000, 0x000000008ea00000, 0x000000008eb00000|  0%| F|  |TAMS 0x000000008ea00000, 0x000000008ea00000| Untracked 
| 235|0x000000008eb00000, 0x000000008eb00000, 0x000000008ec00000|  0%| F|  |TAMS 0x000000008eb00000, 0x000000008eb00000| Untracked 
| 236|0x000000008ec00000, 0x000000008ec00000, 0x000000008ed00000|  0%| F|  |TAMS 0x000000008ec00000, 0x000000008ec00000| Untracked 
| 237|0x000000008ed00000, 0x000000008ed00000, 0x000000008ee00000|  0%| F|  |TAMS 0x000000008ed00000, 0x000000008ed00000| Untracked 
| 238|0x000000008ee00000, 0x000000008ee00000, 0x000000008ef00000|  0%| F|  |TAMS 0x000000008ee00000, 0x000000008ee00000| Untracked 
| 239|0x000000008ef00000, 0x000000008ef00000, 0x000000008f000000|  0%| F|  |TAMS 0x000000008ef00000, 0x000000008ef00000| Untracked 
| 240|0x000000008f000000, 0x000000008f000000, 0x000000008f100000|  0%| F|  |TAMS 0x000000008f000000, 0x000000008f000000| Untracked 
| 241|0x000000008f100000, 0x000000008f100000, 0x000000008f200000|  0%| F|  |TAMS 0x000000008f100000, 0x000000008f100000| Untracked 
| 242|0x000000008f200000, 0x000000008f200000, 0x000000008f300000|  0%| F|  |TAMS 0x000000008f200000, 0x000000008f200000| Untracked 
| 243|0x000000008f300000, 0x000000008f300000, 0x000000008f400000|  0%| F|  |TAMS 0x000000008f300000, 0x000000008f300000| Untracked 
| 244|0x000000008f400000, 0x000000008f400000, 0x000000008f500000|  0%| F|  |TAMS 0x000000008f400000, 0x000000008f400000| Untracked 
| 245|0x000000008f500000, 0x000000008f500000, 0x000000008f600000|  0%| F|  |TAMS 0x000000008f500000, 0x000000008f500000| Untracked 
| 246|0x000000008f600000, 0x000000008f600000, 0x000000008f700000|  0%| F|  |TAMS 0x000000008f600000, 0x000000008f600000| Untracked 
| 247|0x000000008f700000, 0x000000008f700000, 0x000000008f800000|  0%| F|  |TAMS 0x000000008f700000, 0x000000008f700000| Untracked 
| 248|0x000000008f800000, 0x000000008f800000, 0x000000008f900000|  0%| F|  |TAMS 0x000000008f800000, 0x000000008f800000| Untracked 
| 249|0x000000008f900000, 0x000000008f900000, 0x000000008fa00000|  0%| F|  |TAMS 0x000000008f900000, 0x000000008f900000| Untracked 
| 250|0x000000008fa00000, 0x000000008fa00000, 0x000000008fb00000|  0%| F|  |TAMS 0x000000008fa00000, 0x000000008fa00000| Untracked 
| 251|0x000000008fb00000, 0x000000008fb00000, 0x000000008fc00000|  0%| F|  |TAMS 0x000000008fb00000, 0x000000008fb00000| Untracked 
| 252|0x000000008fc00000, 0x000000008fc00000, 0x000000008fd00000|  0%| F|  |TAMS 0x000000008fc00000, 0x000000008fc00000| Untracked 
| 253|0x000000008fd00000, 0x000000008fd00000, 0x000000008fe00000|  0%| F|  |TAMS 0x000000008fd00000, 0x000000008fd00000| Untracked 
| 254|0x000000008fe00000, 0x000000008fe00000, 0x000000008ff00000|  0%| F|  |TAMS 0x000000008fe00000, 0x000000008fe00000| Untracked 
| 255|0x000000008ff00000, 0x000000008ff00000, 0x0000000090000000|  0%| F|  |TAMS 0x000000008ff00000, 0x000000008ff00000| Untracked 
| 256|0x0000000090000000, 0x0000000090000000, 0x0000000090100000|  0%| F|  |TAMS 0x0000000090000000, 0x0000000090000000| Untracked 
| 257|0x0000000090100000, 0x0000000090100000, 0x0000000090200000|  0%| F|  |TAMS 0x0000000090100000, 0x0000000090100000| Untracked 
| 258|0x0000000090200000, 0x0000000090200000, 0x0000000090300000|  0%| F|  |TAMS 0x0000000090200000, 0x0000000090200000| Untracked 
| 259|0x0000000090300000, 0x0000000090300000, 0x0000000090400000|  0%| F|  |TAMS 0x0000000090300000, 0x0000000090300000| Untracked 
| 260|0x0000000090400000, 0x0000000090400000, 0x0000000090500000|  0%| F|  |TAMS 0x0000000090400000, 0x0000000090400000| Untracked 
| 261|0x0000000090500000, 0x0000000090500000, 0x0000000090600000|  0%| F|  |TAMS 0x0000000090500000, 0x0000000090500000| Untracked 
| 262|0x0000000090600000, 0x0000000090600000, 0x0000000090700000|  0%| F|  |TAMS 0x0000000090600000, 0x0000000090600000| Untracked 
| 263|0x0000000090700000, 0x0000000090700000, 0x0000000090800000|  0%| F|  |TAMS 0x0000000090700000, 0x0000000090700000| Untracked 
| 264|0x0000000090800000, 0x0000000090800000, 0x0000000090900000|  0%| F|  |TAMS 0x0000000090800000, 0x0000000090800000| Untracked 
| 265|0x0000000090900000, 0x0000000090900000, 0x0000000090a00000|  0%| F|  |TAMS 0x0000000090900000, 0x0000000090900000| Untracked 
| 266|0x0000000090a00000, 0x0000000090a00000, 0x0000000090b00000|  0%| F|  |TAMS 0x0000000090a00000, 0x0000000090a00000| Untracked 
| 267|0x0000000090b00000, 0x0000000090b00000, 0x0000000090c00000|  0%| F|  |TAMS 0x0000000090b00000, 0x0000000090b00000| Untracked 
| 268|0x0000000090c00000, 0x0000000090c00000, 0x0000000090d00000|  0%| F|  |TAMS 0x0000000090c00000, 0x0000000090c00000| Untracked 
| 269|0x0000000090d00000, 0x0000000090d00000, 0x0000000090e00000|  0%| F|  |TAMS 0x0000000090d00000, 0x0000000090d00000| Untracked 
| 270|0x0000000090e00000, 0x0000000090e00000, 0x0000000090f00000|  0%| F|  |TAMS 0x0000000090e00000, 0x0000000090e00000| Untracked 
| 271|0x0000000090f00000, 0x0000000090f00000, 0x0000000091000000|  0%| F|  |TAMS 0x0000000090f00000, 0x0000000090f00000| Untracked 
| 272|0x0000000091000000, 0x0000000091000000, 0x0000000091100000|  0%| F|  |TAMS 0x0000000091000000, 0x0000000091000000| Untracked 
| 273|0x0000000091100000, 0x0000000091100000, 0x0000000091200000|  0%| F|  |TAMS 0x0000000091100000, 0x0000000091100000| Untracked 
| 274|0x0000000091200000, 0x0000000091200000, 0x0000000091300000|  0%| F|  |TAMS 0x0000000091200000, 0x0000000091200000| Untracked 
| 275|0x0000000091300000, 0x0000000091300000, 0x0000000091400000|  0%| F|  |TAMS 0x0000000091300000, 0x0000000091300000| Untracked 
| 276|0x0000000091400000, 0x0000000091400000, 0x0000000091500000|  0%| F|  |TAMS 0x0000000091400000, 0x0000000091400000| Untracked 
| 277|0x0000000091500000, 0x0000000091500000, 0x0000000091600000|  0%| F|  |TAMS 0x0000000091500000, 0x0000000091500000| Untracked 
| 278|0x0000000091600000, 0x0000000091600000, 0x0000000091700000|  0%| F|  |TAMS 0x0000000091600000, 0x0000000091600000| Untracked 
| 279|0x0000000091700000, 0x0000000091700000, 0x0000000091800000|  0%| F|  |TAMS 0x0000000091700000, 0x0000000091700000| Untracked 
| 280|0x0000000091800000, 0x0000000091800000, 0x0000000091900000|  0%| F|  |TAMS 0x0000000091800000, 0x0000000091800000| Untracked 
| 281|0x0000000091900000, 0x0000000091900000, 0x0000000091a00000|  0%| F|  |TAMS 0x0000000091900000, 0x0000000091900000| Untracked 
| 282|0x0000000091a00000, 0x0000000091a00000, 0x0000000091b00000|  0%| F|  |TAMS 0x0000000091a00000, 0x0000000091a00000| Untracked 
| 283|0x0000000091b00000, 0x0000000091b00000, 0x0000000091c00000|  0%| F|  |TAMS 0x0000000091b00000, 0x0000000091b00000| Untracked 
| 284|0x0000000091c00000, 0x0000000091c00000, 0x0000000091d00000|  0%| F|  |TAMS 0x0000000091c00000, 0x0000000091c00000| Untracked 
| 285|0x0000000091d00000, 0x0000000091d00000, 0x0000000091e00000|  0%| F|  |TAMS 0x0000000091d00000, 0x0000000091d00000| Untracked 
| 286|0x0000000091e00000, 0x0000000091e00000, 0x0000000091f00000|  0%| F|  |TAMS 0x0000000091e00000, 0x0000000091e00000| Untracked 
| 287|0x0000000091f00000, 0x0000000091f00000, 0x0000000092000000|  0%| F|  |TAMS 0x0000000091f00000, 0x0000000091f00000| Untracked 
| 288|0x0000000092000000, 0x0000000092000000, 0x0000000092100000|  0%| F|  |TAMS 0x0000000092000000, 0x0000000092000000| Untracked 
| 289|0x0000000092100000, 0x0000000092100000, 0x0000000092200000|  0%| F|  |TAMS 0x0000000092100000, 0x0000000092100000| Untracked 
| 290|0x0000000092200000, 0x0000000092200000, 0x0000000092300000|  0%| F|  |TAMS 0x0000000092200000, 0x0000000092200000| Untracked 
| 291|0x0000000092300000, 0x0000000092300000, 0x0000000092400000|  0%| F|  |TAMS 0x0000000092300000, 0x0000000092300000| Untracked 
| 292|0x0000000092400000, 0x0000000092400000, 0x0000000092500000|  0%| F|  |TAMS 0x0000000092400000, 0x0000000092400000| Untracked 
| 293|0x0000000092500000, 0x0000000092500000, 0x0000000092600000|  0%| F|  |TAMS 0x0000000092500000, 0x0000000092500000| Untracked 
| 294|0x0000000092600000, 0x0000000092600000, 0x0000000092700000|  0%| F|  |TAMS 0x0000000092600000, 0x0000000092600000| Untracked 
| 295|0x0000000092700000, 0x0000000092700000, 0x0000000092800000|  0%| F|  |TAMS 0x0000000092700000, 0x0000000092700000| Untracked 
| 296|0x0000000092800000, 0x0000000092800000, 0x0000000092900000|  0%| F|  |TAMS 0x0000000092800000, 0x0000000092800000| Untracked 
| 297|0x0000000092900000, 0x0000000092900000, 0x0000000092a00000|  0%| F|  |TAMS 0x0000000092900000, 0x0000000092900000| Untracked 
| 298|0x0000000092a00000, 0x0000000092a00000, 0x0000000092b00000|  0%| F|  |TAMS 0x0000000092a00000, 0x0000000092a00000| Untracked 
| 299|0x0000000092b00000, 0x0000000092b00000, 0x0000000092c00000|  0%| F|  |TAMS 0x0000000092b00000, 0x0000000092b00000| Untracked 
| 300|0x0000000092c00000, 0x0000000092c00000, 0x0000000092d00000|  0%| F|  |TAMS 0x0000000092c00000, 0x0000000092c00000| Untracked 
| 301|0x0000000092d00000, 0x0000000092d00000, 0x0000000092e00000|  0%| F|  |TAMS 0x0000000092d00000, 0x0000000092d00000| Untracked 
| 302|0x0000000092e00000, 0x0000000092e00000, 0x0000000092f00000|  0%| F|  |TAMS 0x0000000092e00000, 0x0000000092e00000| Untracked 
| 303|0x0000000092f00000, 0x0000000092f00000, 0x0000000093000000|  0%| F|  |TAMS 0x0000000092f00000, 0x0000000092f00000| Untracked 
| 304|0x0000000093000000, 0x0000000093000000, 0x0000000093100000|  0%| F|  |TAMS 0x0000000093000000, 0x0000000093000000| Untracked 
| 305|0x0000000093100000, 0x0000000093200000, 0x0000000093200000|100%| S|CS|TAMS 0x0000000093100000, 0x0000000093100000| Complete 
| 306|0x0000000093200000, 0x0000000093300000, 0x0000000093300000|100%| S|CS|TAMS 0x0000000093200000, 0x0000000093200000| Complete 
| 307|0x0000000093300000, 0x0000000093400000, 0x0000000093400000|100%| S|CS|TAMS 0x0000000093300000, 0x0000000093300000| Complete 
| 308|0x0000000093400000, 0x0000000093500000, 0x0000000093500000|100%| S|CS|TAMS 0x0000000093400000, 0x0000000093400000| Complete 
| 309|0x0000000093500000, 0x0000000093500000, 0x0000000093600000|  0%| F|  |TAMS 0x0000000093500000, 0x0000000093500000| Untracked 
| 310|0x0000000093600000, 0x0000000093600000, 0x0000000093700000|  0%| F|  |TAMS 0x0000000093600000, 0x0000000093600000| Untracked 
| 311|0x0000000093700000, 0x0000000093700000, 0x0000000093800000|  0%| F|  |TAMS 0x0000000093700000, 0x0000000093700000| Untracked 
| 312|0x0000000093800000, 0x0000000093800000, 0x0000000093900000|  0%| F|  |TAMS 0x0000000093800000, 0x0000000093800000| Untracked 
| 313|0x0000000093900000, 0x0000000093900000, 0x0000000093a00000|  0%| F|  |TAMS 0x0000000093900000, 0x0000000093900000| Untracked 
| 314|0x0000000093a00000, 0x0000000093a00000, 0x0000000093b00000|  0%| F|  |TAMS 0x0000000093a00000, 0x0000000093a00000| Untracked 
| 315|0x0000000093b00000, 0x0000000093b00000, 0x0000000093c00000|  0%| F|  |TAMS 0x0000000093b00000, 0x0000000093b00000| Untracked 
| 316|0x0000000093c00000, 0x0000000093c00000, 0x0000000093d00000|  0%| F|  |TAMS 0x0000000093c00000, 0x0000000093c00000| Untracked 
| 317|0x0000000093d00000, 0x0000000093d00000, 0x0000000093e00000|  0%| F|  |TAMS 0x0000000093d00000, 0x0000000093d00000| Untracked 
| 318|0x0000000093e00000, 0x0000000093e00000, 0x0000000093f00000|  0%| F|  |TAMS 0x0000000093e00000, 0x0000000093e00000| Untracked 
| 319|0x0000000093f00000, 0x0000000093f00000, 0x0000000094000000|  0%| F|  |TAMS 0x0000000093f00000, 0x0000000093f00000| Untracked 
| 320|0x0000000094000000, 0x0000000094000000, 0x0000000094100000|  0%| F|  |TAMS 0x0000000094000000, 0x0000000094000000| Untracked 
| 321|0x0000000094100000, 0x0000000094100000, 0x0000000094200000|  0%| F|  |TAMS 0x0000000094100000, 0x0000000094100000| Untracked 
| 322|0x0000000094200000, 0x0000000094200000, 0x0000000094300000|  0%| F|  |TAMS 0x0000000094200000, 0x0000000094200000| Untracked 
| 323|0x0000000094300000, 0x0000000094300000, 0x0000000094400000|  0%| F|  |TAMS 0x0000000094300000, 0x0000000094300000| Untracked 
| 324|0x0000000094400000, 0x0000000094400000, 0x0000000094500000|  0%| F|  |TAMS 0x0000000094400000, 0x0000000094400000| Untracked 
| 325|0x0000000094500000, 0x0000000094500000, 0x0000000094600000|  0%| F|  |TAMS 0x0000000094500000, 0x0000000094500000| Untracked 
| 326|0x0000000094600000, 0x0000000094600000, 0x0000000094700000|  0%| F|  |TAMS 0x0000000094600000, 0x0000000094600000| Untracked 
| 327|0x0000000094700000, 0x0000000094700000, 0x0000000094800000|  0%| F|  |TAMS 0x0000000094700000, 0x0000000094700000| Untracked 
| 328|0x0000000094800000, 0x0000000094800000, 0x0000000094900000|  0%| F|  |TAMS 0x0000000094800000, 0x0000000094800000| Untracked 
| 329|0x0000000094900000, 0x0000000094900000, 0x0000000094a00000|  0%| F|  |TAMS 0x0000000094900000, 0x0000000094900000| Untracked 
| 330|0x0000000094a00000, 0x0000000094a00000, 0x0000000094b00000|  0%| F|  |TAMS 0x0000000094a00000, 0x0000000094a00000| Untracked 
| 331|0x0000000094b00000, 0x0000000094b00000, 0x0000000094c00000|  0%| F|  |TAMS 0x0000000094b00000, 0x0000000094b00000| Untracked 
| 332|0x0000000094c00000, 0x0000000094c00000, 0x0000000094d00000|  0%| F|  |TAMS 0x0000000094c00000, 0x0000000094c00000| Untracked 
| 333|0x0000000094d00000, 0x0000000094d00000, 0x0000000094e00000|  0%| F|  |TAMS 0x0000000094d00000, 0x0000000094d00000| Untracked 
| 334|0x0000000094e00000, 0x0000000094e00000, 0x0000000094f00000|  0%| F|  |TAMS 0x0000000094e00000, 0x0000000094e00000| Untracked 
| 335|0x0000000094f00000, 0x0000000094f00000, 0x0000000095000000|  0%| F|  |TAMS 0x0000000094f00000, 0x0000000094f00000| Untracked 
| 336|0x0000000095000000, 0x0000000095000000, 0x0000000095100000|  0%| F|  |TAMS 0x0000000095000000, 0x0000000095000000| Untracked 
| 337|0x0000000095100000, 0x0000000095100000, 0x0000000095200000|  0%| F|  |TAMS 0x0000000095100000, 0x0000000095100000| Untracked 
| 338|0x0000000095200000, 0x0000000095200000, 0x0000000095300000|  0%| F|  |TAMS 0x0000000095200000, 0x0000000095200000| Untracked 
| 339|0x0000000095300000, 0x0000000095300000, 0x0000000095400000|  0%| F|  |TAMS 0x0000000095300000, 0x0000000095300000| Untracked 
| 340|0x0000000095400000, 0x0000000095400000, 0x0000000095500000|  0%| F|  |TAMS 0x0000000095400000, 0x0000000095400000| Untracked 

Card table byte_map: [0x000001b6fe560000,0x000001b6fe960000] _byte_map_base: 0x000001b6fe160000

Marking Bits (Prev, Next): (CMBitMap*) 0x000001b6f886b2d0, (CMBitMap*) 0x000001b6f886b298
 Prev Bits: [0x000001b691000000, 0x000001b693000000)
 Next Bits: [0x000001b68f000000, 0x000001b691000000)

Polling page: 0x000001b6f8910000

Metaspace:

Usage:
  Non-class:    107.16 MB capacity,   104.82 MB ( 98%) used,     1.91 MB (  2%) free+waste,   437.19 KB ( <1%) overhead. 
      Class:     17.03 MB capacity,    15.62 MB ( 92%) used,     1.21 MB (  7%) free+waste,   199.63 KB (  1%) overhead. 
       Both:    124.18 MB capacity,   120.44 MB ( 97%) used,     3.12 MB (  3%) free+waste,   636.81 KB ( <1%) overhead. 

Virtual space:
  Non-class space:      108.00 MB reserved,     107.20 MB (>99%) committed 
      Class space:        1.00 GB reserved,      17.13 MB (  2%) committed 
             Both:        1.11 GB reserved,     124.32 MB ( 11%) committed 

Chunk freelists:
   Non-Class:  0 bytes
       Class:  0 bytes
        Both:  0 bytes

MaxMetaspaceSize: 17179869184.00 GB
CompressedClassSpaceSize: 1.00 GB

CodeHeap 'non-profiled nmethods': size=120064Kb used=10799Kb max_used=11283Kb free=109264Kb
 bounds [0x000001b687ac0000, 0x000001b6885d0000, 0x000001b68f000000]
CodeHeap 'profiled nmethods': size=120000Kb used=37488Kb max_used=39393Kb free=82511Kb
 bounds [0x000001b680590000, 0x000001b682c10000, 0x000001b687ac0000]
CodeHeap 'non-nmethods': size=5696Kb used=2377Kb max_used=2440Kb free=3318Kb
 bounds [0x000001b680000000, 0x000001b680270000, 0x000001b680590000]
 total_blobs=17963 nmethods=16958 adapters=915
 compilation: enabled
              stopped_count=0, restarted_count=0
 full_count=0

Compilation events (20 events):
Event: 649.357 Thread 0x000001b6ff3bf000 17918       4       com.android.tools.r8.graph.Z$$Lambda$1705/0x000000010105d040::accept (12 bytes)
Event: 649.358 Thread 0x000001b697122800 nmethod 17975 0x000001b687b9fe10 code [0x000001b687b9ffc0, 0x000001b687ba0498]
Event: 649.358 Thread 0x000001b697122800 17945       4       com.android.tools.r8.internal.Kz$f::m (60 bytes)
Event: 649.360 Thread 0x000001b697122800 nmethod 17945 0x000001b687b95f90 code [0x000001b687b96120, 0x000001b687b96218]
Event: 649.360 Thread 0x000001b697122800 17946       4       com.android.tools.r8.internal.Kz$b::next (13 bytes)
Event: 649.362 Thread 0x000001b697122800 nmethod 17946 0x000001b687b9f910 code [0x000001b687b9fac0, 0x000001b687b9fbf8]
Event: 649.362 Thread 0x000001b697122800 17992       4       com.android.tools.r8.graph.B::F (8 bytes)
Event: 649.363 Thread 0x000001b697122800 nmethod 17992 0x000001b687b9f610 code [0x000001b687b9f7a0, 0x000001b687b9f818]
Event: 649.363 Thread 0x000001b697122800 17947       4       com.android.tools.r8.dex.o::a (30 bytes)
Event: 649.364 Thread 0x000001b6ff3c0800 18006       3       com.android.tools.r8.graph.d0::E (44 bytes)
Event: 649.365 Thread 0x000001b6ff3c0800 nmethod 18006 0x000001b6805fa910 code [0x000001b6805fabe0, 0x000001b6805fb878]
Event: 649.365 Thread 0x000001b6ff3c0800 18007       3       com.android.tools.r8.dex.m$$Lambda$1734/0x000000010107cc40::accept (20 bytes)
Event: 649.365 Thread 0x000001b6ff3c0800 nmethod 18007 0x000001b6805fa410 code [0x000001b6805fa5e0, 0x000001b6805fa808]
Event: 649.365 Thread 0x000001b6ff3c0800 18008       3       com.android.tools.r8.naming.w$b::toString (54 bytes)
Event: 649.366 Thread 0x000001b6ff3c0800 nmethod 18008 0x000001b6805f9390 code [0x000001b6805f9640, 0x000001b6805fa078]
Event: 649.366 Thread 0x000001b6ff3c0800 18009       3       com.android.tools.r8.naming.w$b::a (88 bytes)
Event: 649.368 Thread 0x000001b6ff3c0800 nmethod 18009 0x000001b680604190 code [0x000001b680604520, 0x000001b680605ad8]
Event: 649.368 Thread 0x000001b6ff3c0800 18010       3       com.android.tools.r8.dex.m::a (158 bytes)
Event: 649.370 Thread 0x000001b6ff3c0800 nmethod 18010 0x000001b68060de90 code [0x000001b68060e200, 0x000001b68060fb68]
Event: 649.370 Thread 0x000001b6ff3c0800 18011       3       com.android.tools.r8.graph.Z::h (9 bytes)

GC Heap History (20 events):
Event: 645.821 GC heap after
{Heap after GC invocations=52 (full 0):
 garbage-first heap   total 236544K, used 196446K [0x0000000080000000, 0x0000000100000000)
  region size 1024K, 2 young (2048K), 2 survivors (2048K)
 Metaspace       used 122664K, capacity 126514K, committed 126668K, reserved 1159168K
  class space    used 15953K, capacity 17394K, committed 17408K, reserved 1048576K
}
Event: 645.936 GC heap before
{Heap before GC invocations=52 (full 0):
 garbage-first heap   total 236544K, used 205662K [0x0000000080000000, 0x0000000100000000)
  region size 1024K, 11 young (11264K), 2 survivors (2048K)
 Metaspace       used 122665K, capacity 126514K, committed 126668K, reserved 1159168K
  class space    used 15953K, capacity 17394K, committed 17408K, reserved 1048576K
}
Event: 645.947 GC heap after
{Heap after GC invocations=53 (full 0):
 garbage-first heap   total 236544K, used 201366K [0x0000000080000000, 0x0000000100000000)
  region size 1024K, 2 young (2048K), 2 survivors (2048K)
 Metaspace       used 122665K, capacity 126514K, committed 126668K, reserved 1159168K
  class space    used 15953K, capacity 17394K, committed 17408K, reserved 1048576K
}
Event: 646.160 GC heap before
{Heap before GC invocations=53 (full 0):
 garbage-first heap   total 236544K, used 210582K [0x0000000080000000, 0x0000000100000000)
  region size 1024K, 11 young (11264K), 2 survivors (2048K)
 Metaspace       used 122567K, capacity 126351K, committed 126668K, reserved 1159168K
  class space    used 15920K, capacity 17337K, committed 17408K, reserved 1048576K
}
Event: 646.176 GC heap after
{Heap after GC invocations=54 (full 0):
 garbage-first heap   total 236544K, used 206558K [0x0000000080000000, 0x0000000100000000)
  region size 1024K, 2 young (2048K), 2 survivors (2048K)
 Metaspace       used 122567K, capacity 126351K, committed 126668K, reserved 1159168K
  class space    used 15920K, capacity 17337K, committed 17408K, reserved 1048576K
}
Event: 646.337 GC heap before
{Heap before GC invocations=55 (full 0):
 garbage-first heap   total 236544K, used 215774K [0x0000000080000000, 0x0000000100000000)
  region size 1024K, 11 young (11264K), 2 survivors (2048K)
 Metaspace       used 122739K, capacity 126513K, committed 126668K, reserved 1159168K
  class space    used 15930K, capacity 17342K, committed 17408K, reserved 1048576K
}
Event: 646.357 GC heap after
{Heap after GC invocations=56 (full 0):
 garbage-first heap   total 236544K, used 209920K [0x0000000080000000, 0x0000000100000000)
  region size 1024K, 2 young (2048K), 2 survivors (2048K)
 Metaspace       used 122739K, capacity 126513K, committed 126668K, reserved 1159168K
  class space    used 15930K, capacity 17342K, committed 17408K, reserved 1048576K
}
Event: 646.469 GC heap before
{Heap before GC invocations=56 (full 0):
 garbage-first heap   total 236544K, used 218112K [0x0000000080000000, 0x0000000100000000)
  region size 1024K, 11 young (11264K), 2 survivors (2048K)
 Metaspace       used 122962K, capacity 126822K, committed 127052K, reserved 1159168K
  class space    used 15983K, capacity 17424K, committed 17536K, reserved 1048576K
}
Event: 646.510 GC heap after
{Heap after GC invocations=57 (full 0):
 garbage-first heap   total 236544K, used 206451K [0x0000000080000000, 0x0000000100000000)
  region size 1024K, 2 young (2048K), 2 survivors (2048K)
 Metaspace       used 122962K, capacity 126822K, committed 127052K, reserved 1159168K
  class space    used 15983K, capacity 17424K, committed 17536K, reserved 1048576K
}
Event: 646.605 GC heap before
{Heap before GC invocations=57 (full 0):
 garbage-first heap   total 236544K, used 215667K [0x0000000080000000, 0x0000000100000000)
  region size 1024K, 11 young (11264K), 2 survivors (2048K)
 Metaspace       used 122986K, capacity 126891K, committed 127052K, reserved 1159168K
  class space    used 15983K, capacity 17424K, committed 17536K, reserved 1048576K
}
Event: 646.619 GC heap after
{Heap after GC invocations=58 (full 0):
 garbage-first heap   total 236544K, used 208232K [0x0000000080000000, 0x0000000100000000)
  region size 1024K, 2 young (2048K), 2 survivors (2048K)
 Metaspace       used 122986K, capacity 126891K, committed 127052K, reserved 1159168K
  class space    used 15983K, capacity 17424K, committed 17536K, reserved 1048576K
}
Event: 646.819 GC heap before
{Heap before GC invocations=58 (full 0):
 garbage-first heap   total 236544K, used 217448K [0x0000000080000000, 0x0000000100000000)
  region size 1024K, 11 young (11264K), 2 survivors (2048K)
 Metaspace       used 123039K, capacity 126910K, committed 127052K, reserved 1159168K
  class space    used 15987K, capacity 17428K, committed 17536K, reserved 1048576K
}
Event: 646.833 GC heap after
{Heap after GC invocations=59 (full 0):
 garbage-first heap   total 349184K, used 209984K [0x0000000080000000, 0x0000000100000000)
  region size 1024K, 2 young (2048K), 2 survivors (2048K)
 Metaspace       used 123039K, capacity 126910K, committed 127052K, reserved 1159168K
  class space    used 15987K, capacity 17428K, committed 17536K, reserved 1048576K
}
Event: 647.941 GC heap before
{Heap before GC invocations=60 (full 0):
 garbage-first heap   total 349184K, used 251968K [0x0000000080000000, 0x0000000100000000)
  region size 1024K, 47 young (48128K), 2 survivors (2048K)
 Metaspace       used 123176K, capacity 127068K, committed 127308K, reserved 1159168K
  class space    used 15990K, capacity 17432K, committed 17536K, reserved 1048576K
}
Event: 647.964 GC heap after
{Heap after GC invocations=61 (full 0):
 garbage-first heap   total 349184K, used 209683K [0x0000000080000000, 0x0000000100000000)
  region size 1024K, 6 young (6144K), 6 survivors (6144K)
 Metaspace       used 123176K, capacity 127068K, committed 127308K, reserved 1159168K
  class space    used 15990K, capacity 17432K, committed 17536K, reserved 1048576K
}
Event: 648.309 GC heap before
{Heap before GC invocations=61 (full 0):
 garbage-first heap   total 349184K, used 226067K [0x0000000080000000, 0x0000000100000000)
  region size 1024K, 17 young (17408K), 6 survivors (6144K)
 Metaspace       used 123243K, capacity 127139K, committed 127308K, reserved 1159168K
  class space    used 15990K, capacity 17432K, committed 17536K, reserved 1048576K
}
Event: 648.719 GC heap after
{Heap after GC invocations=62 (full 0):
 garbage-first heap   total 349184K, used 212137K [0x0000000080000000, 0x0000000100000000)
  region size 1024K, 2 young (2048K), 2 survivors (2048K)
 Metaspace       used 123243K, capacity 127139K, committed 127308K, reserved 1159168K
  class space    used 15990K, capacity 17432K, committed 17536K, reserved 1048576K
}
Event: 649.140 GC heap before
{Heap before GC invocations=62 (full 0):
 garbage-first heap   total 349184K, used 233641K [0x0000000080000000, 0x0000000100000000)
  region size 1024K, 23 young (23552K), 2 survivors (2048K)
 Metaspace       used 123281K, capacity 127155K, committed 127308K, reserved 1159168K
  class space    used 15993K, capacity 17437K, committed 17536K, reserved 1048576K
}
Event: 649.150 GC heap after
{Heap after GC invocations=63 (full 0):
 garbage-first heap   total 349184K, used 215680K [0x0000000080000000, 0x0000000100000000)
  region size 1024K, 3 young (3072K), 3 survivors (3072K)
 Metaspace       used 123281K, capacity 127155K, committed 127308K, reserved 1159168K
  class space    used 15993K, capacity 17437K, committed 17536K, reserved 1048576K
}
Event: 649.371 GC heap before
{Heap before GC invocations=63 (full 0):
 garbage-first heap   total 349184K, used 251520K [0x0000000080000000, 0x0000000100000000)
  region size 1024K, 32 young (32768K), 3 survivors (3072K)
 Metaspace       used 123329K, capacity 127164K, committed 127308K, reserved 1159168K
  class space    used 15993K, capacity 17437K, committed 17536K, reserved 1048576K
}

Deoptimization events (20 events):
Event: 649.249 Thread 0x000001b697174000 DEOPT PACKING pc=0x000001b687b41c04 sp=0x0000007c52bfe4b0
Event: 649.249 Thread 0x000001b697174000 DEOPT UNPACKING pc=0x000001b6800278af sp=0x0000007c52bfe488 mode 2
Event: 649.249 Thread 0x000001b697174000 Uncommon trap: trap_request=0xffffffde fr.pc=0x000001b687b49b34 relative=0x0000000000000514
Event: 649.249 Thread 0x000001b697174000 Uncommon trap: reason=class_check action=maybe_recompile pc=0x000001b687b49b34 method=com.android.tools.r8.internal.i8.a(Lcom/android/tools/r8/graph/Q;Lcom/android/tools/r8/graph/Q;)I @ 16 c2
Event: 649.249 Thread 0x000001b697174000 DEOPT PACKING pc=0x000001b687b49b34 sp=0x0000007c52bfe440
Event: 649.249 Thread 0x000001b697174000 DEOPT UNPACKING pc=0x000001b6800278af sp=0x0000007c52bfe408 mode 2
Event: 649.264 Thread 0x000001b697174000 DEOPT PACKING pc=0x000001b6805e055b sp=0x0000007c52bfe7a0
Event: 649.264 Thread 0x000001b697174000 DEOPT UNPACKING pc=0x000001b6800276ce sp=0x0000007c52bfdd08 mode 0
Event: 649.269 Thread 0x000001b697174000 DEOPT PACKING pc=0x000001b6805e055b sp=0x0000007c52bfe7a0
Event: 649.269 Thread 0x000001b697174000 DEOPT UNPACKING pc=0x000001b6800276ce sp=0x0000007c52bfdd08 mode 0
Event: 649.276 Thread 0x000001b697174000 DEOPT PACKING pc=0x000001b6805e055b sp=0x0000007c52bfe7a0
Event: 649.276 Thread 0x000001b697174000 DEOPT UNPACKING pc=0x000001b6800276ce sp=0x0000007c52bfdd08 mode 0
Event: 649.293 Thread 0x000001b697174000 DEOPT PACKING pc=0x000001b6805e055b sp=0x0000007c52bfe7a0
Event: 649.293 Thread 0x000001b697174000 DEOPT UNPACKING pc=0x000001b6800276ce sp=0x0000007c52bfdd08 mode 0
Event: 649.311 Thread 0x000001b697174000 Uncommon trap: trap_request=0xffffff7e fr.pc=0x000001b687b34098 relative=0x0000000000000318
Event: 649.311 Thread 0x000001b697174000 Uncommon trap: reason=predicate action=maybe_recompile pc=0x000001b687b34098 method=com.android.tools.r8.internal.fr.f(Ljava/util/function/Function;)Lcom/android/tools/r8/internal/DF; @ 60 c2
Event: 649.311 Thread 0x000001b697174000 DEOPT PACKING pc=0x000001b687b34098 sp=0x0000007c52bfe720
Event: 649.311 Thread 0x000001b697174000 DEOPT UNPACKING pc=0x000001b6800278af sp=0x0000007c52bfe6c8 mode 2
Event: 649.322 Thread 0x000001b697174000 DEOPT PACKING pc=0x000001b6805cc788 sp=0x0000007c52bfe640
Event: 649.322 Thread 0x000001b697174000 DEOPT UNPACKING pc=0x000001b6800276ce sp=0x0000007c52bfdba8 mode 0

Classes redefined (0 events):
No events

Internal exceptions (20 events):
Event: 642.655 Thread 0x000001b697175800 Exception <a 'java/lang/NoSuchMethodError'{0x000000008cc821b8}: 'void java.lang.invoke.DirectMethodHandle$Holder.invokeSpecial(java.lang.Object, java.lang.Object, java.lang.Object, java.lang.Object, java.lang.Object, java.lang.Object, java.lang.Object, java.lang.Object, java.lang.Object)'> (0x000000008cc821b8) thrown at [./src/hotspot/share/interpreter/linkResolver.cpp, line 773]
Event: 642.657 Thread 0x000001b697175800 Exception <a 'java/lang/NoSuchMethodError'{0x000000008cc998a8}: 'void java.lang.invoke.DirectMethodHandle$Holder.invokeStatic(java.lang.Object, java.lang.Object, java.lang.Object, java.lang.Object, java.lang.Object, java.lang.Object, java.lang.Object, java.lang.Object)'> (0x000000008cc998a8) thrown at [./src/hotspot/share/interpreter/linkResolver.cpp, line 773]
Event: 642.840 Thread 0x000001b697177000 Exception <a 'java/lang/IncompatibleClassChangeError'{0x000000008bae5990}: Found class java.lang.Object, but interface was expected> (0x000000008bae5990) thrown at [./src/hotspot/share/interpreter/linkResolver.cpp, line 839]
Event: 642.852 Thread 0x000001b697175800 Exception <a 'java/lang/NoSuchMethodError'{0x000000008bacb288}: 'void java.lang.invoke.DirectMethodHandle$Holder.invokeVirtual(java.lang.Object, java.lang.Object, int)'> (0x000000008bacb288) thrown at [./src/hotspot/share/interpreter/linkResolver.cpp, line 773]
Event: 642.852 Thread 0x000001b697177000 Exception <a 'java/lang/NoSuchMethodError'{0x000000008b94c920}: 'void java.lang.invoke.DirectMethodHandle$Holder.invokeVirtual(java.lang.Object, java.lang.Object, int)'> (0x000000008b94c920) thrown at [./src/hotspot/share/interpreter/linkResolver.cpp, line 773]
Event: 642.877 Thread 0x000001b697177000 Exception <a 'sun/nio/fs/WindowsException'{0x000000008b9ea2a0}> (0x000000008b9ea2a0) thrown at [./src/hotspot/share/prims/jni.cpp, line 615]
Event: 642.878 Thread 0x000001b697175800 Exception <a 'sun/nio/fs/WindowsException'{0x000000008b810a18}> (0x000000008b810a18) thrown at [./src/hotspot/share/prims/jni.cpp, line 615]
Event: 642.891 Thread 0x000001b697177000 Exception <a 'sun/nio/fs/WindowsException'{0x000000008b852a50}> (0x000000008b852a50) thrown at [./src/hotspot/share/prims/jni.cpp, line 615]
Event: 642.896 Thread 0x000001b697177000 Exception <a 'sun/nio/fs/WindowsException'{0x000000008b85d818}> (0x000000008b85d818) thrown at [./src/hotspot/share/prims/jni.cpp, line 615]
Event: 642.904 Thread 0x000001b697177000 Exception <a 'sun/nio/fs/WindowsException'{0x000000008b868e78}> (0x000000008b868e78) thrown at [./src/hotspot/share/prims/jni.cpp, line 615]
Event: 642.909 Thread 0x000001b697177000 Exception <a 'sun/nio/fs/WindowsException'{0x000000008b8708c0}> (0x000000008b8708c0) thrown at [./src/hotspot/share/prims/jni.cpp, line 615]
Event: 643.011 Thread 0x000001b69eeac800 Exception <a 'sun/nio/fs/WindowsException'{0x000000008b19b0a0}> (0x000000008b19b0a0) thrown at [./src/hotspot/share/prims/jni.cpp, line 615]
Event: 643.468 Thread 0x000001b69eeac800 Exception <a 'sun/nio/fs/WindowsException'{0x000000008a77b3d8}> (0x000000008a77b3d8) thrown at [./src/hotspot/share/prims/jni.cpp, line 615]
Event: 643.470 Thread 0x000001b69eeac800 Implicit null exception at 0x000001b688456d1b to 0x000001b6884574dc
Event: 643.581 Thread 0x000001b699a9e000 Exception <a 'java/lang/NoSuchMethodError'{0x000000008dc3f530}: <clinit>> (0x000000008dc3f530) thrown at [./src/hotspot/share/prims/jni.cpp, line 1362]
Event: 643.778 Thread 0x000001b697176800 Exception <a 'sun/nio/fs/WindowsException'{0x000000008d8c7470}> (0x000000008d8c7470) thrown at [./src/hotspot/share/prims/jni.cpp, line 615]
Event: 644.144 Thread 0x000001b697175800 Exception <a 'sun/nio/fs/WindowsException'{0x000000008d083bb8}> (0x000000008d083bb8) thrown at [./src/hotspot/share/prims/jni.cpp, line 615]
Event: 644.422 Thread 0x000001b697176800 Exception <a 'sun/nio/fs/WindowsException'{0x000000008cb53088}> (0x000000008cb53088) thrown at [./src/hotspot/share/prims/jni.cpp, line 615]
Event: 646.430 Thread 0x000001b697175800 Exception <a 'java/lang/IncompatibleClassChangeError'{0x000000008d6b02b0}: Found class java.lang.Object, but interface was expected> (0x000000008d6b02b0) thrown at [./src/hotspot/share/interpreter/linkResolver.cpp, line 839]
Event: 646.454 Thread 0x000001b697175800 Exception <a 'java/lang/NoSuchMethodError'{0x000000008d5611c8}: 'int java.lang.invoke.DirectMethodHandle$Holder.invokeSpecial(java.lang.Object, java.lang.Object, java.lang.Object, java.lang.Object, java.lang.Object, java.lang.Object)'> (0x000000008d5611c8) thrown at [./src/hotspot/share/interpreter/linkResolver.cpp, line 773]

Events (20 events):
Event: 649.069 loading class com/android/tools/r8/internal/DE done
Event: 649.069 loading class com/android/tools/r8/internal/CE
Event: 649.069 loading class com/android/tools/r8/internal/CE done
Event: 649.069 loading class com/android/tools/r8/graph/G$j
Event: 649.069 loading class com/android/tools/r8/graph/G$j done
Event: 649.070 loading class com/android/tools/r8/graph/G$j
Event: 649.070 loading class com/android/tools/r8/graph/G$j done
Event: 649.070 loading class com/android/tools/r8/graph/G$j
Event: 649.070 loading class com/android/tools/r8/graph/G$j done
Event: 649.070 loading class com/android/tools/r8/graph/G$j
Event: 649.070 loading class com/android/tools/r8/graph/G$j done
Event: 649.070 loading class com/android/tools/r8/graph/G$j
Event: 649.070 loading class com/android/tools/r8/graph/G$j done
Event: 649.070 loading class com/android/tools/r8/graph/G$j
Event: 649.070 loading class com/android/tools/r8/graph/G$j done
Event: 649.070 loading class com/android/tools/r8/graph/G$j
Event: 649.070 loading class com/android/tools/r8/graph/G$j done
Event: 649.140 Executing VM operation: G1CollectForAllocation
Event: 649.150 Executing VM operation: G1CollectForAllocation done
Event: 649.371 Executing VM operation: G1CollectForAllocation


Dynamic libraries:
0x00007ff615fc0000 - 0x00007ff615fca000 	C:\Program Files\Android\Android Studio\jre\bin\java.exe
0x00007ff869bf0000 - 0x00007ff869de5000 	C:\Windows\SYSTEM32\ntdll.dll
0x00007ff868ed0000 - 0x00007ff868f8e000 	C:\Windows\System32\KERNEL32.DLL
0x00007ff867710000 - 0x00007ff8679d9000 	C:\Windows\System32\KERNELBASE.dll
0x00007ff867b40000 - 0x00007ff867c40000 	C:\Windows\System32\ucrtbase.dll
0x00007ff858d20000 - 0x00007ff858d39000 	C:\Program Files\Android\Android Studio\jre\bin\jli.dll
0x00007ff867dd0000 - 0x00007ff867f71000 	C:\Windows\System32\USER32.dll
0x00007ff8676b0000 - 0x00007ff8676d2000 	C:\Windows\System32\win32u.dll
0x00007ff8691d0000 - 0x00007ff8691fb000 	C:\Windows\System32\GDI32.dll
0x00007ff8675a0000 - 0x00007ff8676ab000 	C:\Windows\System32\gdi32full.dll
0x00007ff867470000 - 0x00007ff86750d000 	C:\Windows\System32\msvcp_win.dll
0x00007ff85f4b0000 - 0x00007ff85f4c7000 	C:\Program Files\Android\Android Studio\jre\bin\VCRUNTIME140.dll
0x00007ff855e50000 - 0x00007ff8560ea000 	C:\Windows\WinSxS\amd64_microsoft.windows.common-controls_6595b64144ccf1df_6.0.19041.1110_none_60b5254171f9507e\COMCTL32.dll
0x00007ff869570000 - 0x00007ff86960e000 	C:\Windows\System32\msvcrt.dll
0x00007ff867f80000 - 0x00007ff867fb0000 	C:\Windows\System32\IMM32.DLL
0x00007ff84cc50000 - 0x00007ff84cced000 	C:\Program Files\Android\Android Studio\jre\bin\msvcp140.dll
0x00007ff82bee0000 - 0x00007ff82c9af000 	C:\Program Files\Android\Android Studio\jre\bin\server\jvm.dll
0x00007ff869210000 - 0x00007ff8692bc000 	C:\Windows\System32\ADVAPI32.dll
0x00007ff8694d0000 - 0x00007ff86956b000 	C:\Windows\System32\sechost.dll
0x00007ff869320000 - 0x00007ff86944a000 	C:\Windows\System32\RPCRT4.dll
0x00007ff868c00000 - 0x00007ff868c08000 	C:\Windows\System32\PSAPI.DLL
0x00007ff847440000 - 0x00007ff847449000 	C:\Windows\SYSTEM32\WSOCK32.dll
0x00007ff868450000 - 0x00007ff8684bb000 	C:\Windows\System32\WS2_32.dll
0x00007ff84d370000 - 0x00007ff84d397000 	C:\Windows\SYSTEM32\WINMM.dll
0x00007ff860170000 - 0x00007ff86017a000 	C:\Windows\SYSTEM32\VERSION.dll
0x00007ff865210000 - 0x00007ff865222000 	C:\Windows\SYSTEM32\kernel.appcore.dll
0x00007ff858850000 - 0x00007ff858861000 	C:\Program Files\Android\Android Studio\jre\bin\verify.dll
0x00007ff855a60000 - 0x00007ff855c44000 	C:\Windows\SYSTEM32\DBGHELP.DLL
0x00007ff8519c0000 - 0x00007ff8519ec000 	C:\Windows\SYSTEM32\dbgcore.DLL
0x00007ff867510000 - 0x00007ff867593000 	C:\Windows\System32\bcryptPrimitives.dll
0x00007ff84a5b0000 - 0x00007ff84a5d9000 	C:\Program Files\Android\Android Studio\jre\bin\java.dll
0x00007ff861230000 - 0x00007ff86123b000 	C:\Program Files\Android\Android Studio\jre\bin\jimage.dll
0x00007ff8587a0000 - 0x00007ff8587b8000 	C:\Program Files\Android\Android Studio\jre\bin\zip.dll
0x00007ff8684c0000 - 0x00007ff868bff000 	C:\Windows\System32\SHELL32.dll
0x00007ff865410000 - 0x00007ff865ba0000 	C:\Windows\SYSTEM32\windows.storage.dll
0x00007ff869850000 - 0x00007ff869ba5000 	C:\Windows\System32\combase.dll
0x00007ff866d60000 - 0x00007ff866d8c000 	C:\Windows\SYSTEM32\Wldp.dll
0x00007ff868dc0000 - 0x00007ff868e6e000 	C:\Windows\System32\SHCORE.dll
0x00007ff868e70000 - 0x00007ff868ec5000 	C:\Windows\System32\shlwapi.dll
0x00007ff867250000 - 0x00007ff86726f000 	C:\Windows\SYSTEM32\profapi.dll
0x00007ff8583c0000 - 0x00007ff8583da000 	C:\Program Files\Android\Android Studio\jre\bin\net.dll
0x00007ff8578a0000 - 0x00007ff8579a8000 	C:\Windows\SYSTEM32\WINHTTP.dll
0x00007ff866ac0000 - 0x00007ff866b2a000 	C:\Windows\system32\mswsock.dll
0x00007ff858240000 - 0x00007ff858254000 	C:\Program Files\Android\Android Studio\jre\bin\nio.dll
0x00007ff858d70000 - 0x00007ff858d97000 	C:\Users\usuario\.gradle\native\8bec1ad78214c89d9ad589b4d07fe93259594b29d510b10fafb7a158f7737e5d\windows-amd64\native-platform.dll
0x00007ff84a3d0000 - 0x00007ff84a50d000 	C:\Users\usuario\.gradle\native\53dbd7edfb1c66fb8903c78663c9afc45aea4f116125fa6feffd364cf09443e8\windows-amd64\native-platform-file-events.dll
0x00007ff860980000 - 0x00007ff86098a000 	C:\Program Files\Android\Android Studio\jre\bin\management.dll
0x00007ff860660000 - 0x00007ff86066c000 	C:\Program Files\Android\Android Studio\jre\bin\management_ext.dll
0x00007ff866cb0000 - 0x00007ff866cc8000 	C:\Windows\SYSTEM32\CRYPTSP.dll
0x00007ff8663d0000 - 0x00007ff866404000 	C:\Windows\system32\rsaenh.dll
0x00007ff8676e0000 - 0x00007ff867707000 	C:\Windows\System32\bcrypt.dll
0x00007ff8671d0000 - 0x00007ff8671fe000 	C:\Windows\SYSTEM32\USERENV.dll
0x00007ff866cd0000 - 0x00007ff866cdc000 	C:\Windows\SYSTEM32\CRYPTBASE.dll
0x00007ff866760000 - 0x00007ff86679b000 	C:\Windows\SYSTEM32\IPHLPAPI.DLL
0x00007ff869610000 - 0x00007ff869618000 	C:\Windows\System32\NSI.dll
0x00007ff860020000 - 0x00007ff860037000 	C:\Windows\SYSTEM32\dhcpcsvc6.DLL
0x00007ff85ff80000 - 0x00007ff85ff9d000 	C:\Windows\SYSTEM32\dhcpcsvc.DLL
0x00007ff8667b0000 - 0x00007ff86687c000 	C:\Windows\SYSTEM32\DNSAPI.dll
0x00007ff856560000 - 0x00007ff85657e000 	C:\Users\usuario\AppData\Local\Temp\native-platform13532909749330739477dir\native-platform.dll
0x00007ff857d20000 - 0x00007ff857d28000 	C:\Program Files\Android\Android Studio\jre\bin\rmi.dll

dbghelp: loaded successfully - version: 4.0.5 - missing functions: none
symbol engine: initialized successfully - sym options: 0x614 - pdb path: .;C:\Program Files\Android\Android Studio\jre\bin;C:\Windows\SYSTEM32;C:\Windows\WinSxS\amd64_microsoft.windows.common-controls_6595b64144ccf1df_6.0.19041.1110_none_60b5254171f9507e;C:\Program Files\Android\Android Studio\jre\bin\server;C:\Users\usuario\.gradle\native\8bec1ad78214c89d9ad589b4d07fe93259594b29d510b10fafb7a158f7737e5d\windows-amd64;C:\Users\usuario\.gradle\native\53dbd7edfb1c66fb8903c78663c9afc45aea4f116125fa6feffd364cf09443e8\windows-amd64;C:\Users\usuario\AppData\Local\Temp\native-platform13532909749330739477dir

VM Arguments:
jvm_args: --add-opens=java.base/java.util=ALL-UNNAMED --add-opens=java.base/java.lang=ALL-UNNAMED --add-opens=java.base/java.lang.invoke=ALL-UNNAMED --add-opens=java.base/java.util=ALL-UNNAMED --add-opens=java.prefs/java.util.prefs=ALL-UNNAMED --add-opens=java.prefs/java.util.prefs=ALL-UNNAMED --add-opens=java.base/java.nio.charset=ALL-UNNAMED --add-opens=java.base/java.net=ALL-UNNAMED --add-opens=java.base/java.util.concurrent.atomic=ALL-UNNAMED -Xmx2048m -Dfile.encoding=UTF-8 -Duser.country=BR -Duser.language=pt -Duser.variant 
java_command: org.gradle.launcher.daemon.bootstrap.GradleDaemon 7.0.2
java_class_path (initial): C:\Users\usuario\.gradle\wrapper\dists\gradle-7.0.2-bin\857tjihv64xamwrf0h14cai3r\gradle-7.0.2\lib\gradle-launcher-7.0.2.jar
Launcher Type: SUN_STANDARD

[Global flags]
     intx CICompilerCount                          = 3                                         {product} {ergonomic}
     uint ConcGCThreads                            = 1                                         {product} {ergonomic}
     uint G1ConcRefinementThreads                  = 4                                         {product} {ergonomic}
   size_t G1HeapRegionSize                         = 1048576                                   {product} {ergonomic}
    uintx GCDrainStackTargetSize                   = 64                                        {product} {ergonomic}
   size_t InitialHeapSize                          = 134217728                                 {product} {ergonomic}
   size_t MarkStackSize                            = 4194304                                   {product} {ergonomic}
   size_t MaxHeapSize                              = 2147483648                                {product} {command line}
   size_t MaxNewSize                               = 1287651328                                {product} {ergonomic}
   size_t MinHeapDeltaBytes                        = 1048576                                   {product} {ergonomic}
    uintx NonNMethodCodeHeapSize                   = 5830732                                {pd product} {ergonomic}
    uintx NonProfiledCodeHeapSize                  = 122913754                              {pd product} {ergonomic}
    uintx ProfiledCodeHeapSize                     = 122913754                              {pd product} {ergonomic}
    uintx ReservedCodeCacheSize                    = 251658240                              {pd product} {ergonomic}
     bool SegmentedCodeCache                       = true                                      {product} {ergonomic}
     bool UseCompressedClassPointers               = true                                 {lp64_product} {ergonomic}
     bool UseCompressedOops                        = true                                 {lp64_product} {ergonomic}
     bool UseG1GC                                  = true                                      {product} {ergonomic}
     bool UseLargePagesIndividualAllocation        = false                                  {pd product} {ergonomic}

Logging:
Log output configuration:
 #0: stdout all=warning uptime,level,tags
 #1: stderr all=off uptime,level,tags

Environment Variables:
JAVA_HOME=C:\Program Files\Java\jdk1.7.0_45
PATH=C:\Windows\system32;C:\Windows;C:\Windows\System32\Wbem;C:\Windows\System32\WindowsPowerShell\v1.0\;C:\Windows\System32\OpenSSH\;C:\Program Files (x86)\Intel\Intel(R) Management Engine Components\DAL;C:\Program Files\Intel\Intel(R) Management Engine Components\DAL;C:\ProgramData\UNIVALI\Portugol Studio;C:\Program Files\Git\cmd;C:\Program Files\Java\jdk1.7.0_45\bin;C:\Users\usuario\AppData\Local\Microsoft\WindowsApps;;C:\Program Files\JetBrains\IntelliJ IDEA Community Edition 2021.2.2\bin;
USERNAME=usuario
OS=Windows_NT
PROCESSOR_IDENTIFIER=Intel64 Family 6 Model 78 Stepping 3, GenuineIntel



---------------  S Y S T E M  ---------------

OS: Windows 10 , 64 bit Build 19041 (10.0.19041.1202)
OS uptime: 10 days 2:45 hours

CPU:total 4 (initial active 4) (2 cores per cpu, 2 threads per core) family 6 model 78 stepping 3 microcode 0xea, cmov, cx8, fxsr, mmx, sse, sse2, sse3, ssse3, sse4.1, sse4.2, popcnt, avx, avx2, aes, clmul, erms, 3dnowpref, lzcnt, ht, tsc, tscinvbit, bmi1, bmi2, adx, fma

Memory: 4k page, system-wide physical 8083M (701M free)
TotalPageFile size 12179M (AvailPageFile size 541M)
current process WorkingSet (physical memory assigned to process): 526M, peak: 526M
current process commit charge ("private bytes"): 713M, peak: 1395M

vm_info: OpenJDK 64-Bit Server VM (11.0.10+0-b96-7249189) for windows-amd64 JRE (11.0.10+0-b96-7249189), built on Mar 31 2021 21:44:00 by "builder" with MS VC++ 14.0 (VS2015)

END.
